Log file open, 12/04/23 05:41:49
LogWindows: Failed to load 'aqProf.dll' (GetLastError=126)
LogWindows: File 'aqProf.dll' does not exist
LogWindows: Failed to load 'VtuneApi.dll' (GetLastError=126)
LogWindows: File 'VtuneApi.dll' does not exist
LogWindows: Failed to load 'VtuneApi32e.dll' (GetLastError=126)
LogWindows: File 'VtuneApi32e.dll' does not exist
LogConsoleResponse: Display: Failed to find resolution value strings in scalability ini. Falling back to default.
LogConsoleResponse: Display: Failed to find resolution value strings in scalability ini. Falling back to default.
LogInit: Display: Running engine for game: terry
LogPlatformFile: Not using cached read wrapper
LogTaskGraph: Started task graph with 5 named threads and 35 total threads with 3 sets of task threads.
LogStats: Stats thread started at 0.189595
LogICUInternationalization: ICU TimeZone Detection - Raw Offset: +0:00, Platform Override: ''
LogInit: Display: Loading text-based GConfig....
LogPluginManager: Mounting plugin MeshPainting
LogPluginManager: Mounting plugin XGEController
LogPluginManager: Mounting plugin Paper2D
LogPluginManager: Mounting plugin AISupport
LogPluginManager: Mounting plugin LiveLink
LogPluginManager: Mounting plugin EnvironmentQueryEditor
LogPluginManager: Mounting plugin LightPropagationVolume
LogPluginManager: Mounting plugin OodleData
LogPluginManager: Mounting plugin AnimationSharing
LogPluginManager: Mounting plugin OodleNetwork
LogPluginManager: Mounting plugin CLionSourceCodeAccess
LogPluginManager: Mounting plugin CodeLiteSourceCodeAccess
LogPluginManager: Mounting plugin CameraShakePreviewer
LogPluginManager: Mounting plugin GitSourceControl
LogPluginManager: Mounting plugin NullSourceCodeAccess
LogPluginManager: Mounting plugin KDevelopSourceCodeAccess
LogPluginManager: Mounting plugin PerforceSourceControl
LogPluginManager: Mounting plugin PixWinPlugin
LogPluginManager: Mounting plugin PlasticSourceControl
LogPluginManager: Mounting plugin PluginUtils
LogPluginManager: Mounting plugin PropertyAccessNode
LogPluginManager: Mounting plugin GameplayCameras
LogPluginManager: Mounting plugin SubversionSourceControl
LogPluginManager: Mounting plugin RiderSourceCodeAccess
LogPluginManager: Mounting plugin TextureFormatOodle
LogPluginManager: Mounting plugin UObjectPlugin
LogPluginManager: Mounting plugin VisualStudioSourceCodeAccess
LogPluginManager: Mounting plugin AssetManagerEditor
LogPluginManager: Mounting plugin VisualStudioCodeSourceCodeAccess
LogPluginManager: Mounting plugin XCodeSourceCodeAccess
LogPluginManager: Mounting plugin CryptoKeys
LogPluginManager: Mounting plugin CurveEditorTools
LogPluginManager: Mounting plugin DataValidation
LogPluginManager: Mounting plugin FacialAnimation
LogPluginManager: Mounting plugin GeometryMode
LogPluginManager: Mounting plugin GameplayTagsEditor
LogPluginManager: Mounting plugin MobileLauncherProfileWizard
LogPluginManager: Mounting plugin MaterialAnalyzer
LogPluginManager: Mounting plugin MacGraphicsSwitching
LogPluginManager: Mounting plugin PluginBrowser
LogPluginManager: Mounting plugin SpeedTreeImporter
LogPluginManager: Mounting plugin AutomationUtils
LogPluginManager: Mounting plugin BackChannel
LogPluginManager: Mounting plugin AlembicImporter
LogPluginManager: Mounting plugin ChaosClothEditor
LogPluginManager: Mounting plugin ChaosCloth
LogPluginManager: Mounting plugin ChaosEditor
LogPluginManager: Mounting plugin ChaosNiagara
LogPluginManager: Mounting plugin ChaosSolverPlugin
LogPluginManager: Mounting plugin CharacterAI
LogPluginManager: Mounting plugin GeometryCache
LogPluginManager: Mounting plugin GeometryCollectionPlugin
LogPluginManager: Mounting plugin Niagara
LogPluginManager: Mounting plugin MagicLeap
LogPluginManager: Mounting plugin LuminPlatformFeatures
LogPluginManager: Mounting plugin MagicLeapLightEstimation
LogPluginManager: Mounting plugin MagicLeapPassableWorld
LogPluginManager: Mounting plugin GeometryProcessing
LogPluginManager: Mounting plugin DatasmithContent
LogPluginManager: Mounting plugin OpenImageDenoise
LogPluginManager: Mounting plugin MotoSynth
LogPluginManager: Mounting plugin PlanarCut
LogPluginManager: Mounting plugin PlatformCrypto
LogPluginManager: Mounting plugin ProxyLODPlugin
LogPluginManager: Mounting plugin AndroidMedia
LogPluginManager: Mounting plugin PythonScriptPlugin
LogPluginManager: Mounting plugin MagicLeapMedia
LogPluginManager: Mounting plugin AvfMedia
LogPluginManager: Mounting plugin MLSDK
LogPluginManager: Mounting plugin ImgMedia
LogPluginManager: Mounting plugin SkeletalReduction
LogPluginManager: Mounting plugin MediaCompositing
LogPluginManager: Mounting plugin MediaPlayerEditor
LogPluginManager: Mounting plugin WebMMedia
LogPluginManager: Mounting plugin WmfMedia
LogPluginManager: Mounting plugin VariantManagerContent
LogPluginManager: Mounting plugin TcpMessaging
LogPluginManager: Mounting plugin UdpMessaging
LogPluginManager: Mounting plugin ActorSequence
LogPluginManager: Mounting plugin LevelSequenceEditor
LogPluginManager: Mounting plugin MatineeToLevelSequence
LogPluginManager: Mounting plugin OnlineSubsystem
LogPluginManager: Mounting plugin OnlineSubsystemNull
LogPluginManager: Mounting plugin OnlineSubsystemUtils
LogPluginManager: Mounting plugin LauncherChunkInstaller
LogPluginManager: Mounting plugin ActorLayerUtilities
LogPluginManager: Mounting plugin AndroidMoviePlayer
LogPluginManager: Mounting plugin ScreenshotTools
LogPluginManager: Mounting plugin AndroidDeviceProfileSelector
LogPluginManager: Mounting plugin AndroidPermission
LogPluginManager: Mounting plugin TemplateSequence
LogPluginManager: Mounting plugin AppleMoviePlayer
LogPluginManager: Mounting plugin ArchVisCharacter
LogPluginManager: Mounting plugin AssetTags
LogPluginManager: Mounting plugin AudioSynesthesia
LogPluginManager: Mounting plugin AudioCapture
LogPluginManager: Mounting plugin CableComponent
LogPluginManager: Mounting plugin ChunkDownloader
LogPluginManager: Mounting plugin CustomMeshComponent
LogPluginManager: Mounting plugin EditableMesh
LogPluginManager: Mounting plugin AppleImageUtils
LogPluginManager: Mounting plugin GoogleCloudMessaging
LogPluginManager: Mounting plugin GooglePAD
LogPluginManager: Mounting plugin ExampleDeviceProfileSelector
LogPluginManager: Mounting plugin Takes
LogPluginManager: Mounting plugin LinuxDeviceProfileSelector
LogPluginManager: Mounting plugin LocationServicesBPLibrary
LogPluginManager: Mounting plugin IOSDeviceProfileSelector
LogPluginManager: Mounting plugin MobilePatchingUtils
LogPluginManager: Mounting plugin OpenXR
LogPluginManager: Mounting plugin OpenXREyeTracker
LogPluginManager: Mounting plugin OpenXRHandTracking
LogPluginManager: Mounting plugin PostSplashScreen
LogPluginManager: Mounting plugin PhysXVehicles
LogPluginManager: Mounting plugin ProceduralMeshComponent
LogPluginManager: Mounting plugin PropertyAccessEditor
LogPluginManager: Mounting plugin RuntimePhysXCooking
LogPluginManager: Mounting plugin SignificanceManager
LogPluginManager: Mounting plugin SoundFields
LogPluginManager: Mounting plugin Synthesis
LogPluginManager: Mounting plugin WebMMoviePlayer
LogPluginManager: Mounting plugin WindowsMoviePlayer
LogPluginManager: Mounting plugin ContentBrowserAssetDataSource
LogPluginManager: Mounting plugin ContentBrowserClassDataSource
LogPluginManager: Mounting plugin ContentBrowserFileDataSource
LogPluginManager: Mounting plugin OnlineSubsystemGooglePlay
LogPluginManager: Mounting plugin OnlineSubsystemIOS
LogPluginManager: Mounting plugin OculusVR
PixWinPlugin: PIX capture plugin failed to initialize! Check that the process is launched from PIX.
LogInit: Using libcurl 7.55.1-DEV
LogInit:  - built for x86_64-pc-win32
LogInit:  - supports SSL with OpenSSL/1.1.1
LogInit:  - supports HTTP deflate (compression) using libz 1.2.8
LogInit:  - other features:
LogInit:      CURL_VERSION_SSL
LogInit:      CURL_VERSION_LIBZ
LogInit:      CURL_VERSION_IPV6
LogInit:      CURL_VERSION_ASYNCHDNS
LogInit:      CURL_VERSION_LARGEFILE
LogInit:      CURL_VERSION_IDN
LogInit:  CurlRequestOptions (configurable via config and command line):
LogInit:  - bVerifyPeer = true  - Libcurl will verify peer certificate
LogInit:  - bUseHttpProxy = false  - Libcurl will NOT use HTTP proxy
LogInit:  - bDontReuseConnections = false  - Libcurl will reuse connections
LogInit:  - MaxHostConnections = 16  - Libcurl will limit the number of connections to a host
LogInit:  - LocalHostAddr = Default
LogInit:  - BufferSize = 65536
LogOnline: OSS: Creating online subsystem instance for: NULL
LogInit: WinSock: version 1.1 (2.2), MaxSocks=32767, MaxUdp=65467
LogOnline: OSS: TryLoadSubsystemAndSetDefault: Loaded subsystem for module [NULL]
LogOculusPluginWrapper: OculusPlugin initialized successfully
LogHMD: Failed initializing OVRPlugin 1.59.0
LogInit: Build: ++UE4+Release-4.27-CL-18319896
LogInit: Engine Version: 4.27.2-18319896+++UE4+Release-4.27
LogInit: Compatible Engine Version: 4.27.0-17155196+++UE4+Release-4.27
LogInit: Net CL: 17155196
LogInit: OS: Windows 10 (Release 2009) (), CPU: AMD Ryzen 5 5600X 6-Core Processor             , GPU: NVIDIA GeForce RTX 3060 Ti
LogInit: Compiled (64-bit): Nov 30 2021 07:12:08
LogInit: Compiled with Visual C++: 19.24.28315.00
LogInit: Build Configuration: Development
LogInit: Branch Name: ++UE4+Release-4.27
LogInit: Command Line:  /Game/Bob/Falling_UI -game -PIEVIACONSOLE -Multiprocess GameUserSettingsINI=E:/beta/BetaMain/BetaArcade_Team11/terry/Saved/Config/Windows/PIEGameUserSettings0.ini -MultiprocessSaveConfig -forcepassthrough -messaging -SessionName="Play in Standalone Game" -windowed -ResX=1280 -ResY=720
LogInit: Base Directory: E:/Epic/UE_4.27/Engine/Binaries/Win64/
LogInit: Allocator: TBB
LogInit: Installed Engine Build: 1
LogDevObjectVersion: Number of dev versions registered: 29
LogDevObjectVersion:   Dev-Blueprints (B0D832E4-1F89-4F0D-ACCF-7EB736FD4AA2): 10
LogDevObjectVersion:   Dev-Build (E1C64328-A22C-4D53-A36C-8E866417BD8C): 0
LogDevObjectVersion:   Dev-Core (375EC13C-06E4-48FB-B500-84F0262A717E): 4
LogDevObjectVersion:   Dev-Editor (E4B068ED-F494-42E9-A231-DA0B2E46BB41): 40
LogDevObjectVersion:   Dev-Framework (CFFC743F-43B0-4480-9391-14DF171D2073): 37
LogDevObjectVersion:   Dev-Mobile (B02B49B5-BB20-44E9-A304-32B752E40360): 3
LogDevObjectVersion:   Dev-Networking (A4E4105C-59A1-49B5-A7C5-40C4547EDFEE): 0
LogDevObjectVersion:   Dev-Online (39C831C9-5AE6-47DC-9A44-9C173E1C8E7C): 0
LogDevObjectVersion:   Dev-Physics (78F01B33-EBEA-4F98-B9B4-84EACCB95AA2): 14
LogDevObjectVersion:   Dev-Platform (6631380F-2D4D-43E0-8009-CF276956A95A): 0
LogDevObjectVersion:   Dev-Rendering (12F88B9F-8875-4AFC-A67C-D90C383ABD29): 45
LogDevObjectVersion:   Dev-Sequencer (7B5AE74C-D270-4C10-A958-57980B212A5A): 13
LogDevObjectVersion:   Dev-VR (D7296918-1DD6-4BDD-9DE2-64A83CC13884): 3
LogDevObjectVersion:   Dev-LoadTimes (C2A15278-BFE7-4AFE-6C17-90FF531DF755): 1
LogDevObjectVersion:   Private-Geometry (6EACA3D4-40EC-4CC1-B786-8BED09428FC5): 3
LogDevObjectVersion:   Dev-AnimPhys (29E575DD-E0A3-4627-9D10-D276232CDCEA): 17
LogDevObjectVersion:   Dev-Anim (AF43A65D-7FD3-4947-9873-3E8ED9C1BB05): 15
LogDevObjectVersion:   Dev-ReflectionCapture (6B266CEC-1EC7-4B8F-A30B-E4D90942FC07): 1
LogDevObjectVersion:   Dev-Automation (0DF73D61-A23F-47EA-B727-89E90C41499A): 1
LogDevObjectVersion:   FortniteMain (601D1886-AC64-4F84-AA16-D3DE0DEAC7D6): 47
LogDevObjectVersion:   FortniteRelease (E7086368-6B23-4C58-8439-1B7016265E91): 1
LogDevObjectVersion:   Dev-Enterprise (9DFFBCD6-494F-0158-E221-12823C92A888): 10
LogDevObjectVersion:   Dev-Niagara (F2AED0AC-9AFE-416F-8664-AA7FFA26D6FC): 1
LogDevObjectVersion:   Dev-Destruction (174F1F0B-B4C6-45A5-B13F-2EE8D0FB917D): 10
LogDevObjectVersion:   Dev-Physics-Ext (35F94A83-E258-406C-A318-09F59610247C): 41
LogDevObjectVersion:   Dev-PhysicsMaterial-Chaos (B68FC16E-8B1B-42E2-B453-215C058844FE): 1
LogDevObjectVersion:   Dev-CineCamera (B2E18506-4273-CFC2-A54E-F4BB758BBA07): 1
LogDevObjectVersion:   Dev-VirtualProduction (64F58936-FD1B-42BA-BA96-7289D5D0FA4E): 1
LogDevObjectVersion:   Dev-MediaFramework (6F0ED827-A609-4895-9C91-998D90180EA4): 2
LogInit: Presizing for max 25165824 objects, including 0 objects not considered by GC, pre-allocating 0 bytes for permanent pool.
LogConfig: Applying CVar settings from Section [/Script/Engine.StreamingSettings] File [E:/beta/BetaMain/BetaArcade_Team11/terry/Saved/Config/Windows/Engine.ini]
LogConfig: Setting CVar [[s.MinBulkDataSizeForAsyncLoading:131072]]
LogConfig: Setting CVar [[s.AsyncLoadingThreadEnabled:0]]
LogConfig: Setting CVar [[s.EventDrivenLoaderEnabled:1]]
LogConfig: Setting CVar [[s.WarnIfTimeLimitExceeded:0]]
LogConfig: Setting CVar [[s.TimeLimitExceededMultiplier:1.5]]
LogConfig: Setting CVar [[s.TimeLimitExceededMinTime:0.005]]
LogConfig: Setting CVar [[s.UseBackgroundLevelStreaming:1]]
LogConfig: Setting CVar [[s.PriorityAsyncLoadingExtraTime:15.0]]
LogConfig: Setting CVar [[s.LevelStreamingActorsUpdateTimeLimit:5.0]]
LogConfig: Setting CVar [[s.PriorityLevelStreamingActorsUpdateExtraTime:5.0]]
LogConfig: Setting CVar [[s.LevelStreamingComponentsRegistrationGranularity:10]]
LogConfig: Setting CVar [[s.UnregisterComponentsTimeLimit:1.0]]
LogConfig: Setting CVar [[s.LevelStreamingComponentsUnregistrationGranularity:5]]
LogConfig: Setting CVar [[s.FlushStreamingOnExit:1]]
LogInit: Object subsystem initialized
LogConfig: Setting CVar [[con.DebugEarlyDefault:1]]
LogConfig: Setting CVar [[r.setres:1280x720]]
[2023.12.04-05.41.50:341][  0]LogConfig: Setting CVar [[con.DebugEarlyDefault:1]]
[2023.12.04-05.41.50:341][  0]LogConfig: Setting CVar [[r.setres:1280x720]]
[2023.12.04-05.41.50:341][  0]LogConfig: Applying CVar settings from Section [/Script/Engine.RendererSettings] File [E:/beta/BetaMain/BetaArcade_Team11/terry/Saved/Config/Windows/Engine.ini]
[2023.12.04-05.41.50:341][  0]LogConfig: Setting CVar [[r.GPUCrashDebugging:0]]
[2023.12.04-05.41.50:341][  0]LogConfig: Applying CVar settings from Section [/Script/Engine.RendererOverrideSettings] File [E:/beta/BetaMain/BetaArcade_Team11/terry/Saved/Config/Windows/Engine.ini]
[2023.12.04-05.41.50:341][  0]LogConfig: Applying CVar settings from Section [/Script/Engine.StreamingSettings] File [E:/beta/BetaMain/BetaArcade_Team11/terry/Saved/Config/Windows/Engine.ini]
[2023.12.04-05.41.50:341][  0]LogConfig: Setting CVar [[s.MinBulkDataSizeForAsyncLoading:131072]]
[2023.12.04-05.41.50:341][  0]LogConfig: Setting CVar [[s.AsyncLoadingThreadEnabled:0]]
[2023.12.04-05.41.50:341][  0]LogConfig: Setting CVar [[s.EventDrivenLoaderEnabled:1]]
[2023.12.04-05.41.50:341][  0]LogConfig: Setting CVar [[s.WarnIfTimeLimitExceeded:0]]
[2023.12.04-05.41.50:341][  0]LogConfig: Setting CVar [[s.TimeLimitExceededMultiplier:1.5]]
[2023.12.04-05.41.50:341][  0]LogConfig: Setting CVar [[s.TimeLimitExceededMinTime:0.005]]
[2023.12.04-05.41.50:342][  0]LogConfig: Setting CVar [[s.UseBackgroundLevelStreaming:1]]
[2023.12.04-05.41.50:342][  0]LogConfig: Setting CVar [[s.PriorityAsyncLoadingExtraTime:15.0]]
[2023.12.04-05.41.50:342][  0]LogConfig: Setting CVar [[s.LevelStreamingActorsUpdateTimeLimit:5.0]]
[2023.12.04-05.41.50:342][  0]LogConfig: Setting CVar [[s.PriorityLevelStreamingActorsUpdateExtraTime:5.0]]
[2023.12.04-05.41.50:342][  0]LogConfig: Setting CVar [[s.LevelStreamingComponentsRegistrationGranularity:10]]
[2023.12.04-05.41.50:342][  0]LogConfig: Setting CVar [[s.UnregisterComponentsTimeLimit:1.0]]
[2023.12.04-05.41.50:342][  0]LogConfig: Setting CVar [[s.LevelStreamingComponentsUnregistrationGranularity:5]]
[2023.12.04-05.41.50:342][  0]LogConfig: Setting CVar [[s.FlushStreamingOnExit:1]]
[2023.12.04-05.41.50:342][  0]LogConfig: Applying CVar settings from Section [/Script/Engine.GarbageCollectionSettings] File [E:/beta/BetaMain/BetaArcade_Team11/terry/Saved/Config/Windows/Engine.ini]
[2023.12.04-05.41.50:342][  0]LogConfig: Setting CVar [[gc.MaxObjectsNotConsideredByGC:1]]
[2023.12.04-05.41.50:342][  0]LogConfig: Setting CVar [[gc.SizeOfPermanentObjectPool:0]]
[2023.12.04-05.41.50:342][  0]LogConfig: Setting CVar [[gc.FlushStreamingOnGC:0]]
[2023.12.04-05.41.50:342][  0]LogConfig: Setting CVar [[gc.NumRetriesBeforeForcingGC:10]]
[2023.12.04-05.41.50:342][  0]LogConfig: Setting CVar [[gc.AllowParallelGC:1]]
[2023.12.04-05.41.50:342][  0]LogConfig: Setting CVar [[gc.TimeBetweenPurgingPendingKillObjects:61.1]]
[2023.12.04-05.41.50:342][  0]LogConfig: Setting CVar [[gc.MaxObjectsInEditor:25165824]]
[2023.12.04-05.41.50:342][  0]LogConfig: Setting CVar [[gc.IncrementalBeginDestroyEnabled:1]]
[2023.12.04-05.41.50:342][  0]LogConfig: Setting CVar [[gc.CreateGCClusters:1]]
[2023.12.04-05.41.50:342][  0]LogConfig: Setting CVar [[gc.MinGCClusterSize:5]]
[2023.12.04-05.41.50:342][  0]LogConfig: Setting CVar [[gc.ActorClusteringEnabled:0]]
[2023.12.04-05.41.50:342][  0]LogConfig: Setting CVar [[gc.BlueprintClusteringEnabled:0]]
[2023.12.04-05.41.50:342][  0]LogConfig: Setting CVar [[gc.UseDisregardForGCOnDedicatedServers:0]]
[2023.12.04-05.41.50:342][  0]LogConfig: Setting CVar [[gc.MultithreadedDestructionEnabled:1]]
[2023.12.04-05.41.50:342][  0]LogConfig: Applying CVar settings from Section [/Script/Engine.NetworkSettings] File [E:/beta/BetaMain/BetaArcade_Team11/terry/Saved/Config/Windows/Engine.ini]
[2023.12.04-05.41.50:342][  0]LogConfig: Applying CVar settings from Section [/Script/UnrealEd.CookerSettings] File [E:/beta/BetaMain/BetaArcade_Team11/terry/Saved/Config/Windows/Engine.ini]
[2023.12.04-05.41.50:353][  0]LogConfig: Applying CVar settings from Section [ViewDistanceQuality@3] File [E:/beta/BetaMain/BetaArcade_Team11/terry/Saved/Config/Windows/Scalability.ini]
[2023.12.04-05.41.50:353][  0]LogConfig: Setting CVar [[r.SkeletalMeshLODBias:0]]
[2023.12.04-05.41.50:353][  0]LogConfig: Setting CVar [[r.ViewDistanceScale:1.0]]
[2023.12.04-05.41.50:353][  0]LogConfig: Applying CVar settings from Section [AntiAliasingQuality@3] File [E:/beta/BetaMain/BetaArcade_Team11/terry/Saved/Config/Windows/Scalability.ini]
[2023.12.04-05.41.50:353][  0]LogConfig: Setting CVar [[r.PostProcessAAQuality:4]]
[2023.12.04-05.41.50:353][  0]LogConfig: Applying CVar settings from Section [ShadowQuality@3] File [E:/beta/BetaMain/BetaArcade_Team11/terry/Saved/Config/Windows/Scalability.ini]
[2023.12.04-05.41.50:353][  0]LogConfig: Setting CVar [[r.LightFunctionQuality:1]]
[2023.12.04-05.41.50:353][  0]LogConfig: Setting CVar [[r.ShadowQuality:5]]
[2023.12.04-05.41.50:353][  0]LogConfig: Setting CVar [[r.Shadow.CSM.MaxCascades:10]]
[2023.12.04-05.41.50:353][  0]LogConfig: Setting CVar [[r.Shadow.MaxResolution:2048]]
[2023.12.04-05.41.50:353][  0]LogConfig: Setting CVar [[r.Shadow.MaxCSMResolution:2048]]
[2023.12.04-05.41.50:353][  0]LogConfig: Setting CVar [[r.Shadow.RadiusThreshold:0.01]]
[2023.12.04-05.41.50:353][  0]LogConfig: Setting CVar [[r.Shadow.DistanceScale:1.0]]
[2023.12.04-05.41.50:353][  0]LogConfig: Setting CVar [[r.Shadow.CSM.TransitionScale:1.0]]
[2023.12.04-05.41.50:353][  0]LogConfig: Setting CVar [[r.Shadow.PreShadowResolutionFactor:1.0]]
[2023.12.04-05.41.50:353][  0]LogConfig: Setting CVar [[r.DistanceFieldShadowing:1]]
[2023.12.04-05.41.50:353][  0]LogConfig: Setting CVar [[r.DistanceFieldAO:1]]
[2023.12.04-05.41.50:353][  0]LogConfig: Setting CVar [[r.AOQuality:2]]
[2023.12.04-05.41.50:353][  0]LogConfig: Setting CVar [[r.VolumetricFog:1]]
[2023.12.04-05.41.50:353][  0]LogConfig: Setting CVar [[r.VolumetricFog.GridPixelSize:8]]
[2023.12.04-05.41.50:353][  0]LogConfig: Setting CVar [[r.VolumetricFog.GridSizeZ:128]]
[2023.12.04-05.41.50:353][  0]LogConfig: Setting CVar [[r.VolumetricFog.HistoryMissSupersampleCount:4]]
[2023.12.04-05.41.50:353][  0]LogConfig: Setting CVar [[r.LightMaxDrawDistanceScale:1]]
[2023.12.04-05.41.50:353][  0]LogConfig: Setting CVar [[r.CapsuleShadows:1]]
[2023.12.04-05.41.50:353][  0]LogConfig: Applying CVar settings from Section [PostProcessQuality@3] File [E:/beta/BetaMain/BetaArcade_Team11/terry/Saved/Config/Windows/Scalability.ini]
[2023.12.04-05.41.50:353][  0]LogConfig: Setting CVar [[r.MotionBlurQuality:4]]
[2023.12.04-05.41.50:353][  0]LogConfig: Setting CVar [[r.AmbientOcclusionMipLevelFactor:0.4]]
[2023.12.04-05.41.50:353][  0]LogConfig: Setting CVar [[r.AmbientOcclusionMaxQuality:100]]
[2023.12.04-05.41.50:353][  0]LogConfig: Setting CVar [[r.AmbientOcclusionLevels:-1]]
[2023.12.04-05.41.50:353][  0]LogConfig: Setting CVar [[r.AmbientOcclusionRadiusScale:1.0]]
[2023.12.04-05.41.50:353][  0]LogConfig: Setting CVar [[r.DepthOfFieldQuality:2]]
[2023.12.04-05.41.50:353][  0]LogConfig: Setting CVar [[r.RenderTargetPoolMin:400]]
[2023.12.04-05.41.50:353][  0]LogConfig: Setting CVar [[r.LensFlareQuality:2]]
[2023.12.04-05.41.50:353][  0]LogConfig: Setting CVar [[r.SceneColorFringeQuality:1]]
[2023.12.04-05.41.50:354][  0]LogConfig: Setting CVar [[r.EyeAdaptationQuality:2]]
[2023.12.04-05.41.50:354][  0]LogConfig: Setting CVar [[r.BloomQuality:5]]
[2023.12.04-05.41.50:354][  0]LogConfig: Setting CVar [[r.FastBlurThreshold:100]]
[2023.12.04-05.41.50:354][  0]LogConfig: Setting CVar [[r.Upscale.Quality:3]]
[2023.12.04-05.41.50:354][  0]LogConfig: Setting CVar [[r.Tonemapper.GrainQuantization:1]]
[2023.12.04-05.41.50:354][  0]LogConfig: Setting CVar [[r.LightShaftQuality:1]]
[2023.12.04-05.41.50:354][  0]LogConfig: Setting CVar [[r.Filter.SizeScale:1]]
[2023.12.04-05.41.50:354][  0]LogConfig: Setting CVar [[r.Tonemapper.Quality:5]]
[2023.12.04-05.41.50:354][  0]LogConfig: Setting CVar [[r.DOF.Gather.AccumulatorQuality:1        ; higher gathering accumulator quality]]
[2023.12.04-05.41.50:354][  0]LogConfig: Setting CVar [[r.DOF.Gather.PostfilterMethod:1          ; Median3x3 postfilering method]]
[2023.12.04-05.41.50:354][  0]LogConfig: Setting CVar [[r.DOF.Gather.EnableBokehSettings:0       ; no bokeh simulation when gathering]]
[2023.12.04-05.41.50:354][  0]LogConfig: Setting CVar [[r.DOF.Gather.RingCount:4                 ; medium number of samples when gathering]]
[2023.12.04-05.41.50:354][  0]LogConfig: Setting CVar [[r.DOF.Scatter.ForegroundCompositing:1    ; additive foreground scattering]]
[2023.12.04-05.41.50:354][  0]LogConfig: Setting CVar [[r.DOF.Scatter.BackgroundCompositing:2    ; additive background scattering]]
[2023.12.04-05.41.50:354][  0]LogConfig: Setting CVar [[r.DOF.Scatter.EnableBokehSettings:1      ; bokeh simulation when scattering]]
[2023.12.04-05.41.50:354][  0]LogConfig: Setting CVar [[r.DOF.Scatter.MaxSpriteRatio:0.1         ; only a maximum of 10% of scattered bokeh]]
[2023.12.04-05.41.50:354][  0]LogConfig: Setting CVar [[r.DOF.Recombine.Quality:1                ; cheap slight out of focus]]
[2023.12.04-05.41.50:354][  0]LogConfig: Setting CVar [[r.DOF.Recombine.EnableBokehSettings:0    ; no bokeh simulation on slight out of focus]]
[2023.12.04-05.41.50:354][  0]LogConfig: Setting CVar [[r.DOF.TemporalAAQuality:1                ; more stable temporal accumulation]]
[2023.12.04-05.41.50:354][  0]LogConfig: Setting CVar [[r.DOF.Kernel.MaxForegroundRadius:0.025]]
[2023.12.04-05.41.50:354][  0]LogConfig: Setting CVar [[r.DOF.Kernel.MaxBackgroundRadius:0.025]]
[2023.12.04-05.41.50:354][  0]LogConfig: Applying CVar settings from Section [TextureQuality@3] File [E:/beta/BetaMain/BetaArcade_Team11/terry/Saved/Config/Windows/Scalability.ini]
[2023.12.04-05.41.50:354][  0]LogConfig: Setting CVar [[r.Streaming.MipBias:0]]
[2023.12.04-05.41.50:354][  0]LogConfig: Setting CVar [[r.Streaming.AmortizeCPUToGPUCopy:0]]
[2023.12.04-05.41.50:354][  0]LogConfig: Setting CVar [[r.Streaming.MaxNumTexturesToStreamPerFrame:0]]
[2023.12.04-05.41.50:354][  0]LogConfig: Setting CVar [[r.Streaming.Boost:1]]
[2023.12.04-05.41.50:354][  0]LogConfig: Setting CVar [[r.MaxAnisotropy:8]]
[2023.12.04-05.41.50:354][  0]LogConfig: Setting CVar [[r.VT.MaxAnisotropy:8]]
[2023.12.04-05.41.50:354][  0]LogConfig: Setting CVar [[r.Streaming.LimitPoolSizeToVRAM:0]]
[2023.12.04-05.41.50:354][  0]LogConfig: Setting CVar [[r.Streaming.PoolSize:1000]]
[2023.12.04-05.41.50:354][  0]LogConfig: Setting CVar [[r.Streaming.MaxEffectiveScreenSize:0]]
[2023.12.04-05.41.50:354][  0]LogConfig: Applying CVar settings from Section [EffectsQuality@3] File [E:/beta/BetaMain/BetaArcade_Team11/terry/Saved/Config/Windows/Scalability.ini]
[2023.12.04-05.41.50:354][  0]LogConfig: Setting CVar [[r.TranslucencyLightingVolumeDim:64]]
[2023.12.04-05.41.50:354][  0]LogConfig: Setting CVar [[r.RefractionQuality:2]]
[2023.12.04-05.41.50:354][  0]LogConfig: Setting CVar [[r.SSR.Quality:3]]
[2023.12.04-05.41.50:354][  0]LogConfig: Setting CVar [[r.SSR.HalfResSceneColor:0]]
[2023.12.04-05.41.50:354][  0]LogConfig: Setting CVar [[r.SceneColorFormat:4]]
[2023.12.04-05.41.50:354][  0]LogConfig: Setting CVar [[r.DetailMode:2]]
[2023.12.04-05.41.50:354][  0]LogConfig: Setting CVar [[r.TranslucencyVolumeBlur:1]]
[2023.12.04-05.41.50:354][  0]LogConfig: Setting CVar [[r.MaterialQualityLevel:1 ; High quality]]
[2023.12.04-05.41.50:354][  0]LogConfig: Setting CVar [[r.AnisotropicMaterials:1]]
[2023.12.04-05.41.50:354][  0]LogConfig: Setting CVar [[r.SSS.Scale:1]]
[2023.12.04-05.41.50:354][  0]LogConfig: Setting CVar [[r.SSS.SampleSet:2]]
[2023.12.04-05.41.50:354][  0]LogConfig: Setting CVar [[r.SSS.Quality:1]]
[2023.12.04-05.41.50:354][  0]LogConfig: Setting CVar [[r.SSS.HalfRes:0]]
[2023.12.04-05.41.50:354][  0]LogConfig: Setting CVar [[r.SSGI.Quality:3]]
[2023.12.04-05.41.50:354][  0]LogConfig: Setting CVar [[r.EmitterSpawnRateScale:1.0]]
[2023.12.04-05.41.50:354][  0]LogConfig: Setting CVar [[r.ParticleLightQuality:2]]
[2023.12.04-05.41.50:354][  0]LogConfig: Setting CVar [[r.SkyAtmosphere.AerialPerspectiveLUT.FastApplyOnOpaque:1 ; Always have FastSkyLUT 1 in this case to avoid wrong sky]]
[2023.12.04-05.41.50:354][  0]LogConfig: Setting CVar [[r.SkyAtmosphere.AerialPerspectiveLUT.SampleCountMaxPerSlice:4]]
[2023.12.04-05.41.50:354][  0]LogConfig: Setting CVar [[r.SkyAtmosphere.AerialPerspectiveLUT.DepthResolution:16.0]]
[2023.12.04-05.41.50:354][  0]LogConfig: Setting CVar [[r.SkyAtmosphere.FastSkyLUT:1]]
[2023.12.04-05.41.50:354][  0]LogConfig: Setting CVar [[r.SkyAtmosphere.FastSkyLUT.SampleCountMin:4.0]]
[2023.12.04-05.41.50:354][  0]LogConfig: Setting CVar [[r.SkyAtmosphere.FastSkyLUT.SampleCountMax:128.0]]
[2023.12.04-05.41.50:354][  0]LogConfig: Setting CVar [[r.SkyAtmosphere.SampleCountMin:4.0]]
[2023.12.04-05.41.50:354][  0]LogConfig: Setting CVar [[r.SkyAtmosphere.SampleCountMax:128.0]]
[2023.12.04-05.41.50:354][  0]LogConfig: Setting CVar [[r.SkyAtmosphere.TransmittanceLUT.UseSmallFormat:0]]
[2023.12.04-05.41.50:354][  0]LogConfig: Setting CVar [[r.SkyAtmosphere.TransmittanceLUT.SampleCount:10.0]]
[2023.12.04-05.41.50:354][  0]LogConfig: Setting CVar [[r.SkyAtmosphere.MultiScatteringLUT.SampleCount:15.0]]
[2023.12.04-05.41.50:354][  0]LogConfig: Setting CVar [[r.SkyLight.RealTimeReflectionCapture:1]]
[2023.12.04-05.41.50:354][  0]LogConfig: Applying CVar settings from Section [FoliageQuality@3] File [E:/beta/BetaMain/BetaArcade_Team11/terry/Saved/Config/Windows/Scalability.ini]
[2023.12.04-05.41.50:354][  0]LogConfig: Setting CVar [[foliage.DensityScale:1.0]]
[2023.12.04-05.41.50:354][  0]LogConfig: Setting CVar [[grass.DensityScale:1.0]]
[2023.12.04-05.41.50:354][  0]LogConfig: Applying CVar settings from Section [ShadingQuality@3] File [E:/beta/BetaMain/BetaArcade_Team11/terry/Saved/Config/Windows/Scalability.ini]
[2023.12.04-05.41.50:354][  0]LogConfig: Setting CVar [[r.HairStrands.SkyLighting.IntegrationType:2]]
[2023.12.04-05.41.50:354][  0]LogConfig: Setting CVar [[r.HairStrands.SkyAO.SampleCount:4]]
[2023.12.04-05.41.50:354][  0]LogConfig: Setting CVar [[r.HairStrands.Visibility.MSAA.SamplePerPixel:4]]
[2023.12.04-05.41.50:354][  0]LogInit: Selected Device Profile: [Windows]
[2023.12.04-05.41.50:354][  0]LogInit: Applying CVar settings loaded from the selected device profile: [Windows]
[2023.12.04-05.41.50:354][  0]LogHAL: Display: Platform has ~ 16 GB [17086058496 / 17179869184 / 16], which maps to Larger [LargestMinGB=32, LargerMinGB=12, DefaultMinGB=8, SmallerMinGB=6, SmallestMinGB=0)
[2023.12.04-05.41.50:354][  0]LogInit: Going up to parent DeviceProfile []
[2023.12.04-05.41.50:354][  0]LogConfig: Applying CVar settings from Section [ViewDistanceQuality@3] File [E:/beta/BetaMain/BetaArcade_Team11/terry/Saved/Config/Windows/Scalability.ini]
[2023.12.04-05.41.50:354][  0]LogConfig: Setting CVar [[r.SkeletalMeshLODBias:0]]
[2023.12.04-05.41.50:354][  0]LogConfig: Setting CVar [[r.ViewDistanceScale:1.0]]
[2023.12.04-05.41.50:354][  0]LogConfig: Applying CVar settings from Section [AntiAliasingQuality@3] File [E:/beta/BetaMain/BetaArcade_Team11/terry/Saved/Config/Windows/Scalability.ini]
[2023.12.04-05.41.50:354][  0]LogConfig: Setting CVar [[r.PostProcessAAQuality:4]]
[2023.12.04-05.41.50:354][  0]LogConfig: Applying CVar settings from Section [ShadowQuality@3] File [E:/beta/BetaMain/BetaArcade_Team11/terry/Saved/Config/Windows/Scalability.ini]
[2023.12.04-05.41.50:354][  0]LogConfig: Setting CVar [[r.LightFunctionQuality:1]]
[2023.12.04-05.41.50:354][  0]LogConfig: Setting CVar [[r.ShadowQuality:5]]
[2023.12.04-05.41.50:354][  0]LogConfig: Setting CVar [[r.Shadow.CSM.MaxCascades:10]]
[2023.12.04-05.41.50:354][  0]LogConfig: Setting CVar [[r.Shadow.MaxResolution:2048]]
[2023.12.04-05.41.50:354][  0]LogConfig: Setting CVar [[r.Shadow.MaxCSMResolution:2048]]
[2023.12.04-05.41.50:354][  0]LogConfig: Setting CVar [[r.Shadow.RadiusThreshold:0.01]]
[2023.12.04-05.41.50:354][  0]LogConfig: Setting CVar [[r.Shadow.DistanceScale:1.0]]
[2023.12.04-05.41.50:354][  0]LogConfig: Setting CVar [[r.Shadow.CSM.TransitionScale:1.0]]
[2023.12.04-05.41.50:354][  0]LogConfig: Setting CVar [[r.Shadow.PreShadowResolutionFactor:1.0]]
[2023.12.04-05.41.50:354][  0]LogConfig: Setting CVar [[r.DistanceFieldShadowing:1]]
[2023.12.04-05.41.50:354][  0]LogConfig: Setting CVar [[r.DistanceFieldAO:1]]
[2023.12.04-05.41.50:354][  0]LogConfig: Setting CVar [[r.AOQuality:2]]
[2023.12.04-05.41.50:354][  0]LogConfig: Setting CVar [[r.VolumetricFog:1]]
[2023.12.04-05.41.50:354][  0]LogConfig: Setting CVar [[r.VolumetricFog.GridPixelSize:8]]
[2023.12.04-05.41.50:354][  0]LogConfig: Setting CVar [[r.VolumetricFog.GridSizeZ:128]]
[2023.12.04-05.41.50:354][  0]LogConfig: Setting CVar [[r.VolumetricFog.HistoryMissSupersampleCount:4]]
[2023.12.04-05.41.50:354][  0]LogConfig: Setting CVar [[r.LightMaxDrawDistanceScale:1]]
[2023.12.04-05.41.50:354][  0]LogConfig: Setting CVar [[r.CapsuleShadows:1]]
[2023.12.04-05.41.50:354][  0]LogConfig: Applying CVar settings from Section [PostProcessQuality@3] File [E:/beta/BetaMain/BetaArcade_Team11/terry/Saved/Config/Windows/Scalability.ini]
[2023.12.04-05.41.50:354][  0]LogConfig: Setting CVar [[r.MotionBlurQuality:4]]
[2023.12.04-05.41.50:354][  0]LogConfig: Setting CVar [[r.AmbientOcclusionMipLevelFactor:0.4]]
[2023.12.04-05.41.50:354][  0]LogConfig: Setting CVar [[r.AmbientOcclusionMaxQuality:100]]
[2023.12.04-05.41.50:355][  0]LogConfig: Setting CVar [[r.AmbientOcclusionLevels:-1]]
[2023.12.04-05.41.50:355][  0]LogConfig: Setting CVar [[r.AmbientOcclusionRadiusScale:1.0]]
[2023.12.04-05.41.50:355][  0]LogConfig: Setting CVar [[r.DepthOfFieldQuality:2]]
[2023.12.04-05.41.50:355][  0]LogConfig: Setting CVar [[r.RenderTargetPoolMin:400]]
[2023.12.04-05.41.50:355][  0]LogConfig: Setting CVar [[r.LensFlareQuality:2]]
[2023.12.04-05.41.50:355][  0]LogConfig: Setting CVar [[r.SceneColorFringeQuality:1]]
[2023.12.04-05.41.50:355][  0]LogConfig: Setting CVar [[r.EyeAdaptationQuality:2]]
[2023.12.04-05.41.50:355][  0]LogConfig: Setting CVar [[r.BloomQuality:5]]
[2023.12.04-05.41.50:355][  0]LogConfig: Setting CVar [[r.FastBlurThreshold:100]]
[2023.12.04-05.41.50:355][  0]LogConfig: Setting CVar [[r.Upscale.Quality:3]]
[2023.12.04-05.41.50:355][  0]LogConfig: Setting CVar [[r.Tonemapper.GrainQuantization:1]]
[2023.12.04-05.41.50:355][  0]LogConfig: Setting CVar [[r.LightShaftQuality:1]]
[2023.12.04-05.41.50:355][  0]LogConfig: Setting CVar [[r.Filter.SizeScale:1]]
[2023.12.04-05.41.50:355][  0]LogConfig: Setting CVar [[r.Tonemapper.Quality:5]]
[2023.12.04-05.41.50:355][  0]LogConfig: Setting CVar [[r.DOF.Gather.AccumulatorQuality:1        ; higher gathering accumulator quality]]
[2023.12.04-05.41.50:355][  0]LogConfig: Setting CVar [[r.DOF.Gather.PostfilterMethod:1          ; Median3x3 postfilering method]]
[2023.12.04-05.41.50:355][  0]LogConfig: Setting CVar [[r.DOF.Gather.EnableBokehSettings:0       ; no bokeh simulation when gathering]]
[2023.12.04-05.41.50:355][  0]LogConfig: Setting CVar [[r.DOF.Gather.RingCount:4                 ; medium number of samples when gathering]]
[2023.12.04-05.41.50:355][  0]LogConfig: Setting CVar [[r.DOF.Scatter.ForegroundCompositing:1    ; additive foreground scattering]]
[2023.12.04-05.41.50:355][  0]LogConfig: Setting CVar [[r.DOF.Scatter.BackgroundCompositing:2    ; additive background scattering]]
[2023.12.04-05.41.50:355][  0]LogConfig: Setting CVar [[r.DOF.Scatter.EnableBokehSettings:1      ; bokeh simulation when scattering]]
[2023.12.04-05.41.50:355][  0]LogConfig: Setting CVar [[r.DOF.Scatter.MaxSpriteRatio:0.1         ; only a maximum of 10% of scattered bokeh]]
[2023.12.04-05.41.50:355][  0]LogConfig: Setting CVar [[r.DOF.Recombine.Quality:1                ; cheap slight out of focus]]
[2023.12.04-05.41.50:355][  0]LogConfig: Setting CVar [[r.DOF.Recombine.EnableBokehSettings:0    ; no bokeh simulation on slight out of focus]]
[2023.12.04-05.41.50:355][  0]LogConfig: Setting CVar [[r.DOF.TemporalAAQuality:1                ; more stable temporal accumulation]]
[2023.12.04-05.41.50:355][  0]LogConfig: Setting CVar [[r.DOF.Kernel.MaxForegroundRadius:0.025]]
[2023.12.04-05.41.50:355][  0]LogConfig: Setting CVar [[r.DOF.Kernel.MaxBackgroundRadius:0.025]]
[2023.12.04-05.41.50:355][  0]LogConfig: Applying CVar settings from Section [TextureQuality@3] File [E:/beta/BetaMain/BetaArcade_Team11/terry/Saved/Config/Windows/Scalability.ini]
[2023.12.04-05.41.50:355][  0]LogConfig: Setting CVar [[r.Streaming.MipBias:0]]
[2023.12.04-05.41.50:355][  0]LogConfig: Setting CVar [[r.Streaming.AmortizeCPUToGPUCopy:0]]
[2023.12.04-05.41.50:355][  0]LogConfig: Setting CVar [[r.Streaming.MaxNumTexturesToStreamPerFrame:0]]
[2023.12.04-05.41.50:355][  0]LogConfig: Setting CVar [[r.Streaming.Boost:1]]
[2023.12.04-05.41.50:355][  0]LogConfig: Setting CVar [[r.MaxAnisotropy:8]]
[2023.12.04-05.41.50:355][  0]LogConfig: Setting CVar [[r.VT.MaxAnisotropy:8]]
[2023.12.04-05.41.50:355][  0]LogConfig: Setting CVar [[r.Streaming.LimitPoolSizeToVRAM:0]]
[2023.12.04-05.41.50:355][  0]LogConfig: Setting CVar [[r.Streaming.PoolSize:1000]]
[2023.12.04-05.41.50:355][  0]LogConfig: Setting CVar [[r.Streaming.MaxEffectiveScreenSize:0]]
[2023.12.04-05.41.50:355][  0]LogConfig: Applying CVar settings from Section [EffectsQuality@3] File [E:/beta/BetaMain/BetaArcade_Team11/terry/Saved/Config/Windows/Scalability.ini]
[2023.12.04-05.41.50:355][  0]LogConfig: Setting CVar [[r.TranslucencyLightingVolumeDim:64]]
[2023.12.04-05.41.50:355][  0]LogConfig: Setting CVar [[r.RefractionQuality:2]]
[2023.12.04-05.41.50:355][  0]LogConfig: Setting CVar [[r.SSR.Quality:3]]
[2023.12.04-05.41.50:355][  0]LogConfig: Setting CVar [[r.SSR.HalfResSceneColor:0]]
[2023.12.04-05.41.50:355][  0]LogConfig: Setting CVar [[r.SceneColorFormat:4]]
[2023.12.04-05.41.50:355][  0]LogConfig: Setting CVar [[r.DetailMode:2]]
[2023.12.04-05.41.50:355][  0]LogConfig: Setting CVar [[r.TranslucencyVolumeBlur:1]]
[2023.12.04-05.41.50:355][  0]LogConfig: Setting CVar [[r.MaterialQualityLevel:1 ; High quality]]
[2023.12.04-05.41.50:355][  0]LogConfig: Setting CVar [[r.AnisotropicMaterials:1]]
[2023.12.04-05.41.50:355][  0]LogConfig: Setting CVar [[r.SSS.Scale:1]]
[2023.12.04-05.41.50:355][  0]LogConfig: Setting CVar [[r.SSS.SampleSet:2]]
[2023.12.04-05.41.50:355][  0]LogConfig: Setting CVar [[r.SSS.Quality:1]]
[2023.12.04-05.41.50:355][  0]LogConfig: Setting CVar [[r.SSS.HalfRes:0]]
[2023.12.04-05.41.50:355][  0]LogConfig: Setting CVar [[r.SSGI.Quality:3]]
[2023.12.04-05.41.50:355][  0]LogConfig: Setting CVar [[r.EmitterSpawnRateScale:1.0]]
[2023.12.04-05.41.50:355][  0]LogConfig: Setting CVar [[r.ParticleLightQuality:2]]
[2023.12.04-05.41.50:355][  0]LogConfig: Setting CVar [[r.SkyAtmosphere.AerialPerspectiveLUT.FastApplyOnOpaque:1 ; Always have FastSkyLUT 1 in this case to avoid wrong sky]]
[2023.12.04-05.41.50:355][  0]LogConfig: Setting CVar [[r.SkyAtmosphere.AerialPerspectiveLUT.SampleCountMaxPerSlice:4]]
[2023.12.04-05.41.50:355][  0]LogConfig: Setting CVar [[r.SkyAtmosphere.AerialPerspectiveLUT.DepthResolution:16.0]]
[2023.12.04-05.41.50:355][  0]LogConfig: Setting CVar [[r.SkyAtmosphere.FastSkyLUT:1]]
[2023.12.04-05.41.50:355][  0]LogConfig: Setting CVar [[r.SkyAtmosphere.FastSkyLUT.SampleCountMin:4.0]]
[2023.12.04-05.41.50:355][  0]LogConfig: Setting CVar [[r.SkyAtmosphere.FastSkyLUT.SampleCountMax:128.0]]
[2023.12.04-05.41.50:355][  0]LogConfig: Setting CVar [[r.SkyAtmosphere.SampleCountMin:4.0]]
[2023.12.04-05.41.50:355][  0]LogConfig: Setting CVar [[r.SkyAtmosphere.SampleCountMax:128.0]]
[2023.12.04-05.41.50:355][  0]LogConfig: Setting CVar [[r.SkyAtmosphere.TransmittanceLUT.UseSmallFormat:0]]
[2023.12.04-05.41.50:355][  0]LogConfig: Setting CVar [[r.SkyAtmosphere.TransmittanceLUT.SampleCount:10.0]]
[2023.12.04-05.41.50:355][  0]LogConfig: Setting CVar [[r.SkyAtmosphere.MultiScatteringLUT.SampleCount:15.0]]
[2023.12.04-05.41.50:355][  0]LogConfig: Setting CVar [[r.SkyLight.RealTimeReflectionCapture:1]]
[2023.12.04-05.41.50:355][  0]LogConfig: Applying CVar settings from Section [FoliageQuality@3] File [E:/beta/BetaMain/BetaArcade_Team11/terry/Saved/Config/Windows/Scalability.ini]
[2023.12.04-05.41.50:355][  0]LogConfig: Setting CVar [[foliage.DensityScale:1.0]]
[2023.12.04-05.41.50:355][  0]LogConfig: Setting CVar [[grass.DensityScale:1.0]]
[2023.12.04-05.41.50:355][  0]LogConfig: Applying CVar settings from Section [ShadingQuality@3] File [E:/beta/BetaMain/BetaArcade_Team11/terry/Saved/Config/Windows/Scalability.ini]
[2023.12.04-05.41.50:355][  0]LogConfig: Setting CVar [[r.HairStrands.SkyLighting.IntegrationType:2]]
[2023.12.04-05.41.50:355][  0]LogConfig: Setting CVar [[r.HairStrands.SkyAO.SampleCount:4]]
[2023.12.04-05.41.50:355][  0]LogConfig: Setting CVar [[r.HairStrands.Visibility.MSAA.SamplePerPixel:4]]
[2023.12.04-05.41.50:355][  0]LogConfig: Applying CVar settings from Section [Startup] File [../../../Engine/Config/ConsoleVariables.ini]
[2023.12.04-05.41.50:355][  0]LogConfig: Setting CVar [[net.UseAdaptiveNetUpdateFrequency:0]]
[2023.12.04-05.41.50:355][  0]LogConfig: Setting CVar [[p.chaos.AllowCreatePhysxBodies:1]]
[2023.12.04-05.41.50:355][  0]LogConfig: Setting CVar [[fx.SkipVectorVMBackendOptimizations:1]]
[2023.12.04-05.41.50:355][  0]LogConfig: Applying CVar settings from Section [ConsoleVariables] File [E:/beta/BetaMain/BetaArcade_Team11/terry/Saved/Config/Windows/Engine.ini]
[2023.12.04-05.41.50:355][  0]LogConfig: Applying CVar settings from Section [ConsoleVariables] File [E:/beta/BetaMain/BetaArcade_Team11/terry/Saved/Config/Windows/Editor.ini]
[2023.12.04-05.41.50:356][  0]LogInit: Computer: DESKTOP-P448NMC
[2023.12.04-05.41.50:356][  0]LogInit: User: Rober
[2023.12.04-05.41.50:356][  0]LogInit: CPU Page size=4096, Cores=6
[2023.12.04-05.41.50:356][  0]LogInit: High frequency timer resolution =10.000000 MHz
[2023.12.04-05.41.50:356][  0]LogMemory: Memory total: Physical=15.9GB (16GB approx)
[2023.12.04-05.41.50:356][  0]LogMemory: Platform Memory Stats for Windows
[2023.12.04-05.41.50:356][  0]LogMemory: Process Physical Memory: 145.91 MB used, 151.05 MB peak
[2023.12.04-05.41.50:356][  0]LogMemory: Process Virtual Memory: 124.04 MB used, 124.04 MB peak
[2023.12.04-05.41.50:356][  0]LogMemory: Physical Memory: 11737.61 MB used,  4556.93 MB free, 16294.54 MB total
[2023.12.04-05.41.50:356][  0]LogMemory: Virtual Memory: 134202904.00 MB used,  14822.17 MB free, 134217728.00 MB total
[2023.12.04-05.41.50:360][  0]LogWindows: WindowsPlatformFeatures enabled
[2023.12.04-05.41.50:392][  0]LogInit: Physics initialised using underlying interface: PhysX
[2023.12.04-05.41.50:392][  0]LogInit: Using OS detected language (en-US).
[2023.12.04-05.41.50:392][  0]LogInit: Using OS detected locale (en-GB).
[2023.12.04-05.41.50:394][  0]LogTextLocalizationManager: No specific localization for 'en-US' exists, so the 'en' localization will be used.
[2023.12.04-05.41.50:554][  0]LogWindowsTextInputMethodSystem: Display: IME system deactivated.
[2023.12.04-05.41.50:572][  0]LogSlate: New Slate User Created.  User Index 0, Is Virtual User: 0
[2023.12.04-05.41.50:572][  0]LogSlate: Slate User Registered.  User Index 0, Is Virtual User: 0
[2023.12.04-05.41.50:597][  0]LogD3D11RHI: Loaded GFSDK_Aftermath_Lib.x64.dll
[2023.12.04-05.41.50:616][  0]LogHMD: Optional extension XR_VARJO_quad_views is not available
[2023.12.04-05.41.50:617][  0]LogHMD: Warning: Required extension XR_EXT_eye_gaze_interaction is not available
[2023.12.04-05.41.50:617][  0]LogHMD: Could not enable all required OpenXR extensions for OpenXREyeTracker on current system. This plugin will be loaded but ignored, but will be enabled on a target platform that supports the required extension.
[2023.12.04-05.41.50:652][  0]LogHMD: Failed to get an OpenXR system, result is XR_ERROR_FORM_FACTOR_UNAVAILABLE. Please check that your runtime supports VR headsets.
[2023.12.04-05.41.50:652][  0]LogD3D11RHI: D3D11 min allowed feature level: 11_0
[2023.12.04-05.41.50:652][  0]LogD3D11RHI: D3D11 max allowed feature level: 11_0
[2023.12.04-05.41.50:652][  0]LogD3D11RHI: D3D11 adapters:
[2023.12.04-05.41.50:765][  0]LogD3D11RHI:    0. 'NVIDIA GeForce RTX 3060 Ti' (Feature Level 11_0)
[2023.12.04-05.41.50:765][  0]LogD3D11RHI:       8038/0/8147 MB DedicatedVideo/DedicatedSystem/SharedSystem, Outputs:2, VendorId:0x10de
[2023.12.04-05.41.50:767][  0]LogD3D11RHI:    1. 'Microsoft Basic Render Driver' (Feature Level 11_0)
[2023.12.04-05.41.50:767][  0]LogD3D11RHI:       0/0/8147 MB DedicatedVideo/DedicatedSystem/SharedSystem, Outputs:0, VendorId:0x1414
[2023.12.04-05.41.50:767][  0]LogD3D11RHI: Chosen D3D11 Adapter:
[2023.12.04-05.41.50:767][  0]LogD3D11RHI:     Description : NVIDIA GeForce RTX 3060 Ti
[2023.12.04-05.41.50:767][  0]LogD3D11RHI:     VendorId    : 10de
[2023.12.04-05.41.50:767][  0]LogD3D11RHI:     DeviceId    : 2486
[2023.12.04-05.41.50:767][  0]LogD3D11RHI:     SubSysId    : 36633842
[2023.12.04-05.41.50:767][  0]LogD3D11RHI:     Revision    : 00a1
[2023.12.04-05.41.50:767][  0]LogD3D11RHI:     DedicatedVideoMemory : 8428453888 bytes
[2023.12.04-05.41.50:767][  0]LogD3D11RHI:     DedicatedSystemMemory : 0 bytes
[2023.12.04-05.41.50:767][  0]LogD3D11RHI:     SharedSystemMemory : 8543029248 bytes
[2023.12.04-05.41.50:767][  0]LogD3D11RHI:     AdapterLuid : 0 70951
[2023.12.04-05.41.50:774][  0]LogD3D11RHI: Creating new Direct3DDevice
[2023.12.04-05.41.50:774][  0]LogD3D11RHI:     GPU DeviceId: 0x2486 (for the marketing name, search the web for "GPU Device Id")
[2023.12.04-05.41.50:774][  0]LogWindows: EnumDisplayDevices:
[2023.12.04-05.41.50:775][  0]LogWindows:    0. 'NVIDIA GeForce RTX 3060 Ti' (P:1 D:1)
[2023.12.04-05.41.50:775][  0]LogWindows:    1. 'NVIDIA GeForce RTX 3060 Ti' (P:0 D:1)
[2023.12.04-05.41.50:775][  0]LogWindows:    2. 'NVIDIA GeForce RTX 3060 Ti' (P:0 D:0)
[2023.12.04-05.41.50:775][  0]LogWindows:    3. 'NVIDIA GeForce RTX 3060 Ti' (P:0 D:0)
[2023.12.04-05.41.50:775][  0]LogWindows: DebugString: FoundDriverCount:4 
[2023.12.04-05.41.50:775][  0]LogD3D11RHI:     Adapter Name: NVIDIA GeForce RTX 3060 Ti
[2023.12.04-05.41.50:775][  0]LogD3D11RHI:   Driver Version: 536.67 (internal:31.0.15.3667, unified:536.67)
[2023.12.04-05.41.50:775][  0]LogD3D11RHI:      Driver Date: 7-12-2023
[2023.12.04-05.41.50:775][  0]LogRHI: Texture pool is 5626 MB (70% of 8038 MB)
[2023.12.04-05.41.50:775][  0]LogD3D11RHI: Creating D3DDevice using adapter:
[2023.12.04-05.41.50:775][  0]LogD3D11RHI:     Description : NVIDIA GeForce RTX 3060 Ti
[2023.12.04-05.41.50:775][  0]LogD3D11RHI:     VendorId    : 10de
[2023.12.04-05.41.50:775][  0]LogD3D11RHI:     DeviceId    : 2486
[2023.12.04-05.41.50:775][  0]LogD3D11RHI:     SubSysId    : 36633842
[2023.12.04-05.41.50:775][  0]LogD3D11RHI:     Revision    : 00a1
[2023.12.04-05.41.50:775][  0]LogD3D11RHI:     DedicatedVideoMemory : 8428453888 bytes
[2023.12.04-05.41.50:775][  0]LogD3D11RHI:     DedicatedSystemMemory : 0 bytes
[2023.12.04-05.41.50:775][  0]LogD3D11RHI:     SharedSystemMemory : 8543029248 bytes
[2023.12.04-05.41.50:775][  0]LogD3D11RHI:     AdapterLuid : 0 70951
[2023.12.04-05.41.50:857][  0]LogD3D11RHI: RHI has support for 64 bit atomics
[2023.12.04-05.41.50:858][  0]LogD3D11RHI: Async texture creation enabled
[2023.12.04-05.41.50:858][  0]LogD3D11RHI: Array index from any shader is supported
[2023.12.04-05.41.50:873][  0]LogD3D11RHI: GPU Timing Frequency: 1000.000000 (Debug: 2 1)
[2023.12.04-05.41.50:886][  0]LogRHI: GeForceNow SDK initialized: 1
[2023.12.04-05.41.51:101][  0]LogTargetPlatformManager: Display: Loaded TargetPlatform 'WindowsNoEditor'
[2023.12.04-05.41.51:105][  0]LogTargetPlatformManager: Display: Loaded TargetPlatform 'Windows'
[2023.12.04-05.41.51:108][  0]LogTargetPlatformManager: Display: Loaded TargetPlatform 'WindowsClient'
[2023.12.04-05.41.51:111][  0]LogTargetPlatformManager: Display: Loaded TargetPlatform 'WindowsServer'
[2023.12.04-05.41.51:111][  0]LogTargetPlatformManager: Display: Building Assets For Windows
[2023.12.04-05.41.51:115][  0]LogAudioDebug: Display: Lib vorbis DLL was dynamically loaded.
[2023.12.04-05.41.51:135][  0]LogTextureFormatOodle: Display: Oodle Texture 2.9.0 init RDO Off
[2023.12.04-05.41.51:156][  0]LogRendererCore: Ray tracing is disabled. Reason: r.RayTracing=0.
[2023.12.04-05.41.51:156][  0]LogShaderCompilers: Guid format shader working directory is -6 characters bigger than the processId version (../../../../../beta/BetaMain/BetaArcade_Team11/terry/Intermediate/Shaders/WorkingDirectory/1480/).
[2023.12.04-05.41.51:156][  0]LogShaderCompilers: Cleaned the shader compiler working directory 'C:/Users/Rober/AppData/Local/Temp/UnrealShaderWorkingDir/0525CF824EFF87E3DCC3B4B95D743D2E/'.
[2023.12.04-05.41.51:157][  0]LogShaderCompilers: Display: Using XGE Controller for Shader Compilation.
[2023.12.04-05.41.51:745][  0]LogDerivedDataCache: Display: Max Cache Size: 512 MB
[2023.12.04-05.41.51:793][  0]LogDerivedDataCache: Loaded boot cache 0.05s 94MB C:/Users/Rober/AppData/Local/UnrealEngine/4.27/DerivedDataCache/Boot.ddc.
[2023.12.04-05.41.51:793][  0]LogDerivedDataCache: Display: Loaded Boot cache: C:/Users/Rober/AppData/Local/UnrealEngine/4.27/DerivedDataCache/Boot.ddc
[2023.12.04-05.41.51:793][  0]LogDerivedDataCache: FDerivedDataBackendGraph:  Pak pak cache file ../../../../../beta/BetaMain/BetaArcade_Team11/terry/DerivedDataCache/DDC.ddp not found, will not use a pak cache.
[2023.12.04-05.41.51:793][  0]LogDerivedDataCache: Unable to find inner node Pak for hierarchical cache Hierarchy.
[2023.12.04-05.41.51:793][  0]LogDerivedDataCache: FDerivedDataBackendGraph:  CompressedPak pak cache file ../../../../../beta/BetaMain/BetaArcade_Team11/terry/DerivedDataCache/Compressed.ddp not found, will not use a pak cache.
[2023.12.04-05.41.51:793][  0]LogDerivedDataCache: Unable to find inner node CompressedPak for hierarchical cache Hierarchy.
[2023.12.04-05.41.51:810][  0]LogDerivedDataCache: Display: Pak cache opened for reading ../../../Engine/DerivedDataCache/Compressed.ddp.
[2023.12.04-05.41.51:810][  0]LogDerivedDataCache: FDerivedDataBackendGraph:  EnterprisePak pak cache file ../../../Enterprise/DerivedDataCache/Compressed.ddp not found, will not use a pak cache.
[2023.12.04-05.41.51:810][  0]LogDerivedDataCache: Unable to find inner node EnterprisePak for hierarchical cache Hierarchy.
[2023.12.04-05.41.51:815][  0]LogDerivedDataCache: Speed tests for C:/Users/Rober/AppData/Local/UnrealEngine/Common/DerivedDataCache took 0.01 seconds
[2023.12.04-05.41.51:815][  0]LogDerivedDataCache: Display: Performance to C:/Users/Rober/AppData/Local/UnrealEngine/Common/DerivedDataCache: Latency=0.02ms. RandomReadSpeed=1734.49MBs, RandomWriteSpeed=199.49MBs. Assigned SpeedClass 'Local'
[2023.12.04-05.41.51:816][  0]LogDerivedDataCache: Using Local data cache path C:/Users/Rober/AppData/Local/UnrealEngine/Common/DerivedDataCache: Writable
[2023.12.04-05.41.51:816][  0]LogDerivedDataCache: Shared data cache path not found in *engine.ini, will not use an Shared cache.
[2023.12.04-05.41.51:816][  0]LogDerivedDataCache: Unable to find inner node Shared for hierarchical cache Hierarchy.
[2023.12.04-05.41.51:847][  0]LogSlate: Using FreeType 2.10.0
[2023.12.04-05.41.51:848][  0]LogSlate: SlateFontServices - WITH_FREETYPE: 1, WITH_HARFBUZZ: 1
[2023.12.04-05.41.51:848][  0]LogHMD: Failed to get an OpenXR system, result is XR_ERROR_FORM_FACTOR_UNAVAILABLE. Please check that your runtime supports VR headsets.
[2023.12.04-05.41.51:912][  0]LogInit: Using OS detected language (en-US).
[2023.12.04-05.41.51:912][  0]LogInit: Using OS detected locale (en-GB).
[2023.12.04-05.41.51:912][  0]LogTextLocalizationManager: No localization for 'en-US' exists, so 'en' will be used for the language.
[2023.12.04-05.41.51:912][  0]LogTextLocalizationManager: No localization for 'en-GB' exists, so 'en' will be used for the locale.
[2023.12.04-05.41.51:912][  0]LogSlate: FontCache flush requested. Reason: Culture for localization was changed
[2023.12.04-05.41.51:912][  0]LogSlate: FontCache flush requested. Reason: Culture for localization was changed
[2023.12.04-05.41.51:915][  0]LogTextLocalizationManager: Compacting localization data took   0.00ms
[2023.12.04-05.41.51:915][  0]LogAssetRegistry: FAssetRegistry took 0.0015 seconds to start up
[2023.12.04-05.41.52:050][  0]LogPackageLocalizationCache: Processed 26 localized package path(s) for 1 prioritized culture(s) in 0.000677 seconds
[2023.12.04-05.41.52:095][  0]LogInit: Selected Device Profile: [Windows]
[2023.12.04-05.41.52:095][  0]LogInit: Active device profile: [0000027ECDC87B00][0000027EC7075A40 49] Windows
[2023.12.04-05.41.52:095][  0]LogInit: Profiles: [0000027ECDC87B00][0000027EC7075A40 49] Windows, [0000027ECDC34700][0000027EC707DBC0 49] WindowsNoEditor, [0000027ECDC84700][0000027EC70801C0 49] WindowsServer, [0000027ECDC37000][0000027EC7B44340 49] WindowsClient, [0000027ECDC85400][0000027EC7B484C0 49] IOS, [0000027ECDC35200][0000027EC7B4C640 49] iPadAir, [0000027ECDC85100][0000027EC7B507C0 49] iPadAir2, [0000027ECDBF3C00][0000027EC7B58A80 49] IPadPro, [0000027ECDBF3D00][0000027EC7B54AC0 49] iPadAir3, [0000027ECDC84100][0000027EC7B5CC40 49] iPadAir4, [0000027ECDBF0C00][0000027EC7B60DC0 49] iPadMini2, [0000027ECDC85000][0000027EC7B64F40 49] iPadMini3, [0000027ECDBF2B00][0000027EC7B690C0 49] iPadMini4, [0000027ECDC85200][0000027EC7B6D240 49] iPadMini5, [0000027ECDC67500][0000027EC70794C0 49] iPhone6, [0000027ECDC67600][0000027EC7B71500 49] iPodTouch6, [0000027ECDBF2100][0000027EC7B79740 49] iPhone7, [0000027ECDBF2200][0000027EC7B75780 49] iPodTouch7, [0000027ECDC64B00][0000027EC7B7D8C0 49] iPhone5S, [0000027ECDBF3A00][0000027EC7B85A40 49] iPhone6Plus, [0000027ECDC66C00][0000027EC7B89BC0 49] iPhone6S, [0000027ECDBF3700][0000027EC7B8C1C0 49] iPhone6SPlus, [0000027ECDC67F00][0000027EC7E1A340 49] iPhone7Plus, [0000027ECDBF1F00][0000027EC7E1E4C0 49] iPhoneSE, [0000027ECDC64C00][0000027EC7E22640 49] iPhone8, [0000027ECDBF2D00][0000027EC7E267C0 49] iPhone8Plus, [0000027ECDC66A00][0000027EC7E2A940 49] iPhoneX, [0000027ECDBF2F00][0000027EC7E2EAC0 49] iPhoneXS, [0000027ECDC64700][0000027EC7E32C40 49] iPhoneXSMax, [0000027ECDBF0400][0000027EC7E36DC0 49] iPhoneXR, [0000027ECDC65700][0000027EC7E3AF40 49] iPhone11, [0000027ECDBF0900][0000027EC7E3F0C0 49] iPhone11Pro, [0000027ECDC66300][0000027EC7E43240 49] iPhone11ProMax, [0000027ECDBF2600][0000027EC7E473C0 49] iPhoneSE2, [0000027ECDC64200][0000027EC7E4B540 49] iPhone12Mini, [0000027ECDBF3400][0000027EC7E4F6C0 49] iPhone12, [0000027ECDC65500][0000027EC7B81800 49] iPhone12Pro, [0000027ECDBF2300][0000027EC7E53940 49] iPhone12ProMax, [0000027ECDC64E00][0000027EC7E57A80 49] iPadPro105, [0000027ECDBF2800][0000027EC7E5FC00 49] iPadPro129, [0000027ECDC65800][0000027EC7E62200 49] iPadPro97, [0000027ECDBF1500][0000027EC7E66380 49] iPadPro2_129, [0000027ECDC67100][0000027EC7E6A500 49] iPad5, [0000027ECDBF1700][0000027EC7E6E680 49] iPad6, [0000027ECDC66800][0000027EC7E72800 49] iPad7, [0000027ECDBF2900][0000027EC7E76980 49] iPad8, [0000027ECDC64300][0000027EC7E7AB00 49] iPadPro11, [0000027ECDBF0A00][0000027EC7E7EC80 49] iPadPro2_11, [0000027ECDC66200][0000027EC7E82E00 49] iPadPro3_129, [0000027ECDBF3000][0000027EC7E86F80 49] iPadPro4_129, [0000027ECDC67400][0000027EC7E8B100 49] AppleTV, [0000027ECDBF1400][0000027EC7E8F280 49] AppleTV4K, [0000027ECDC66700][0000027EC7E93400 49] TVOS, [0000027ECDBF0F00][0000027EC7E97580 49] Mac, [0000027ECDC65100][0000027EC7E9B700 49] MacClient, [0000027ECDBF2E00][0000027EC7E9F880 49] MacNoEditor, [0000027ECDC66D00][0000027EC7E5B9C0 49] MacServer, [0000027ECDBF3800][0000027EC7EA3B00 49] Linux, [0000027ECDC66000][0000027EC7EA60C0 49] LinuxAArch64, [0000027ECDBF2700][0000027EC7EAE240 49] LinuxNoEditor, [0000027ECDC66F00][0000027EC7EB23C0 49] LinuxAArch64NoEditor, [0000027ECDC34900][0000027EC7EB6540 49] LinuxClient, [0000027ECDCC0B00][0000027EC7EBA6C0 49] LinuxAArch64Client, [0000027ECDC36500][0000027ECE49E840 49] LinuxServer, [0000027ECDCC0800][0000027ECE4A29C0 49] LinuxAArch64Server, [0000027ECDC36A00][0000027ECE4A6B40 49] Android, [0000027ECDCC1A00][0000027ECE4AACC0 49] Android_Low, [0000027ECDC37E00][0000027ECE4AEE40 49] Android_Mid, [0000027ECDCC2900][0000027ECE4B2FC0 49] Android_High, [0000027ECDC37F00][0000027ECE4B7140 49] Android_Default, [0000027ECDCC2700][0000027ECE4BB2C0 49] Android_Adreno4xx, [0000027ECDC37D00][0000027ECE4BF440 49] Android_Adreno5xx_Low, [0000027ECDCC1E00][0000027ECE4C35C0 49] Android_Adreno5xx, [0000027ECDC35700][0000027ECE4C7740 49] Android_Adreno6xx, [0000027ECDCC0F00][0000027ECE4CB8C0 49] Android_Adreno6xx_Vulkan, [0000027ECDC34A00][0000027ECE4CFA40 49] Android_Mali_T6xx, [0000027ECDCC0700][0000027EC7EABB80 49] Android_Mali_T7xx, [0000027ECDC37900][0000027ECE4D2140 49] Android_Mali_T8xx, [0000027ECDCC0900][0000027ECE4D6280 49] Android_Mali_G71, [0000027ECDC35600][0000027ECE4DA3C0 49] Android_Mali_G72, [0000027ECDCC2000][0000027ECE4E2540 49] Android_Mali_G72_Vulkan, [0000027ECDC35E00][0000027ECE4E66C0 49] Android_Mali_G76, [0000027ECDCC1C00][0000027ECE4EA840 49] Android_Mali_G76_Vulkan, [0000027ECDC67300][0000027ECE4EE9C0 49] Android_Mali_G77, [0000027ECDCC2500][0000027ECE4F2B40 49] Android_Mali_G77_Vulkan, [0000027ECDC64A00][0000027ECE4F6CC0 49] Android_Mali_G78, [0000027ECDCC1500][0000027ECE4FAE40 49] Android_Mali_G78_Vulkan, [0000027ECDC67A00][0000027ECE4FEFC0 49] Android_Mali_G710, [0000027ECDCC3000][0000027ECE503140 49] Android_Mali_G710_Vulkan, [0000027ECDC66E00][0000027ECE5072C0 49] Android_Vulkan_SM5, [0000027ECDCC2C00][0000027ECE50B440 49] Android_PowerVR_G6xxx, [0000027ECDC66400][0000027ECE50F5C0 49] Android_PowerVR_GT7xxx, [0000027ECDCC2200][0000027ECE513740 49] Android_PowerVR_GE8xxx, [0000027ECDC65F00][0000027ECE5178C0 49] Android_PowerVR_GM9xxx, [0000027ECDCC1700][0000027ECE51BA40 49] Android_PowerVR_GM9xxx_Vulkan, [0000027ECDC67C00][0000027ECE51FBC0 49] Android_TegraK1, [0000027ECDCC0200][0000027ECE4DE180 49] Android_Unknown_Vulkan, [0000027ECDC65300][0000027ECE5222C0 49] Lumin, [0000027ECDCC0D00][0000027ECE526400 49] Lumin_Desktop, [0000027ECDC65900][0000027ECE52A540 49] HoloLens, 
[2023.12.04-05.41.52:122][  0]LogMeshReduction: Using QuadricMeshReduction for automatic static mesh reduction
[2023.12.04-05.41.52:122][  0]LogMeshReduction: Using SimplygonMeshReduction for automatic skeletal mesh reduction
[2023.12.04-05.41.52:122][  0]LogMeshReduction: Using ProxyLODMeshReduction for automatic mesh merging
[2023.12.04-05.41.52:122][  0]LogMeshReduction: No distributed automatic mesh merging module available
[2023.12.04-05.41.52:122][  0]LogMeshMerging: No distributed automatic mesh merging module available
[2023.12.04-05.41.52:202][  0]LogNetVersion: terry 1.0.0, NetCL: 17155196, EngineNetVer: 17, GameNetVer: 0 (Checksum: 1008197515)
[2023.12.04-05.41.52:369][  0]LogTexture: Default maximum texture size for cubemaps generated from long-lat sources has been changed from 512 to unlimited. In order to preserve old behaiour for '/Engine/MapTemplates/Sky/DaylightAmbientCubemap.DaylightAmbientCubemap', its maximum texture size has been explicitly set to 512.
[2023.12.04-05.41.52:411][  0]LogHMD: PokeAHoleMaterial loaded successfully
[2023.12.04-05.41.52:476][  0]LogMoviePlayer: Initializing movie player
[2023.12.04-05.41.52:575][  0]LogNiagaraDebuggerClient: Niagara Debugger Client Initialized | Session: 3896E2934A1FD379EEB5BC8DF5F1BB1E | Instance: 07247BD84741237D789A35BFA36ACA21 (DESKTOP-P448NMC-1480).
[2023.12.04-05.41.52:591][  0]LogCollectionManager: Loaded 0 collections in 0.000520 seconds
[2023.12.04-05.41.52:594][  0]LogFileCache: Scanning file cache for directory 'E:/beta/BetaMain/BetaArcade_Team11/terry/Saved/Collections/' took 0.00s
[2023.12.04-05.41.52:594][  0]LogFileCache: Scanning file cache for directory 'E:/beta/BetaMain/BetaArcade_Team11/terry/Content/Developers/Rober/Collections/' took 0.00s
[2023.12.04-05.41.52:594][  0]LogFileCache: Scanning file cache for directory 'E:/beta/BetaMain/BetaArcade_Team11/terry/Content/Collections/' took 0.00s
[2023.12.04-05.41.52:594][  0]LogCollectionManager: Fixed up redirectors for 0 collections in 0.000002 seconds (updated 0 objects)
[2023.12.04-05.41.52:663][  0]LogPython: Using Python 3.7.7
[2023.12.04-05.41.53:029][  0]LogTcpMessaging: Initializing TcpMessaging bridge
[2023.12.04-05.41.53:031][  0]LogUdpMessaging: Initializing bridge on interface 0.0.0.0:0 to multicast group 230.0.0.1:6666.
[2023.12.04-05.41.53:095][  0]SourceControl: Source control is disabled
[2023.12.04-05.41.53:096][  0]SourceControl: Source control is disabled
[2023.12.04-05.41.53:097][  0]SourceControl: Source control is disabled
[2023.12.04-05.41.53:103][  0]LogUProjectInfo: Found projects:
[2023.12.04-05.41.53:167][  0]LogOpenImageDenoise: OIDN starting up
[2023.12.04-05.41.53:184][  0]LogAndroidPermission: UAndroidPermissionCallbackProxy::GetInstance
[2023.12.04-05.41.53:195][  0]LogAudioCaptureCore: Display: No Audio Capture implementations found. Audio input will be silent.
[2023.12.04-05.41.53:195][  0]LogAudioCaptureCore: Display: No Audio Capture implementations found. Audio input will be silent.
[2023.12.04-05.41.53:254][  0]LogOcInput: OculusInput pre-init called
[2023.12.04-05.41.53:262][  0]LogUObjectArray: 22047 objects as part of root set at end of initial load.
[2023.12.04-05.41.53:262][  0]LogUObjectAllocator: 5957824 out of 0 bytes used by permanent object pool.
[2023.12.04-05.41.53:262][  0]LogUObjectArray: CloseDisregardForGC: 0/0 objects in disregard for GC pool
[2023.12.04-05.41.53:301][  0]LogEngine: Initializing Engine...
[2023.12.04-05.41.53:302][  0]LogHMD: Failed to get an OpenXR system, result is XR_ERROR_FORM_FACTOR_UNAVAILABLE. Please check that your runtime supports VR headsets.
[2023.12.04-05.41.53:302][  0]LogMagicLeap: Warning: VR disabled because ZI is not enabled.  To enable, in the editor, Edit -> Project Settings -> Plugins -> Magic Leap Plugin -> Enable Zero Iteration
[2023.12.04-05.41.53:303][  0]LogStats: UGameplayTagsManager::InitializeManager -  0.000 s
[2023.12.04-05.41.53:378][  0]LogInit: Initializing FReadOnlyCVARCache
[2023.12.04-05.41.53:378][  0]LogAudio: Display: Initializing Audio Device Manager...
[2023.12.04-05.41.53:381][  0]LogAudio: Display: Loading Default Audio Settings Objects...
[2023.12.04-05.41.53:381][  0]LogAudio: Display: No default SoundConcurrencyObject specified (or failed to load).
[2023.12.04-05.41.53:382][  0]LogAudio: Display: Audio Device Manager Initialized
[2023.12.04-05.41.53:382][  0]LogAudio: Display: Creating Audio Device:                 Id: 1, Scope: Shared, Realtime: True
[2023.12.04-05.41.53:382][  0]LogAudioMixer: Display: Audio Mixer Platform Settings:
[2023.12.04-05.41.53:382][  0]LogAudioMixer: Display: 	Sample Rate:						  48000
[2023.12.04-05.41.53:382][  0]LogAudioMixer: Display: 	Callback Buffer Frame Size Requested: 1024
[2023.12.04-05.41.53:382][  0]LogAudioMixer: Display: 	Callback Buffer Frame Size To Use:	  1024
[2023.12.04-05.41.53:382][  0]LogAudioMixer: Display: 	Number of buffers to queue:			  2
[2023.12.04-05.41.53:382][  0]LogAudioMixer: Display: 	Max Channels (voices):				  32
[2023.12.04-05.41.53:382][  0]LogAudioMixer: Display: 	Number of Async Source Workers:		  0
[2023.12.04-05.41.53:382][  0]LogAudio: Display: AudioDevice MaxSources: 32
[2023.12.04-05.41.53:382][  0]LogAudio: Display: Audio Spatialization Plugin: None (built-in).
[2023.12.04-05.41.53:382][  0]LogAudio: Display: Audio Reverb Plugin: None (built-in).
[2023.12.04-05.41.53:382][  0]LogAudio: Display: Audio Occlusion Plugin: None (built-in).
[2023.12.04-05.41.53:382][  0]LogAudioMixer: Display: Initializing audio mixer.
[2023.12.04-05.41.53:391][  0]LogAudioMixer: Display: 0: FrontLeft
[2023.12.04-05.41.53:392][  0]LogAudioMixer: Display: 1: FrontRight
[2023.12.04-05.41.53:392][  0]LogAudioMixer: Display: 2: FrontCenter
[2023.12.04-05.41.53:392][  0]LogAudioMixer: Display: 3: LowFrequency
[2023.12.04-05.41.53:392][  0]LogAudioMixer: Display: 4: BackLeft
[2023.12.04-05.41.53:392][  0]LogAudioMixer: Display: 5: BackRight
[2023.12.04-05.41.53:392][  0]LogAudioMixer: Display: 6: SideLeft
[2023.12.04-05.41.53:392][  0]LogAudioMixer: Display: 7: SideRight
[2023.12.04-05.41.53:403][  0]LogAudioMixer: Display: Using Audio Device Speakers (Logitech G433 Gaming Headset)
[2023.12.04-05.41.53:408][  0]LogAudioMixer: Display: Initializing Sound Submixes...
[2023.12.04-05.41.53:409][  0]LogAudioMixer: Display: Creating Master Submix 'MasterSubmixDefault'
[2023.12.04-05.41.53:409][  0]LogAudioMixer: Display: Creating Master Submix 'MasterReverbSubmixDefault'
[2023.12.04-05.41.53:410][  0]LogAudioMixer: Display: Creating Master Submix 'MasterEQSubmixDefault'
[2023.12.04-05.41.53:410][  0]LogAudioMixer: FMixerPlatformXAudio2::StartAudioStream() called
[2023.12.04-05.41.53:410][  0]LogAudioMixer: Display: Output buffers initialized: Frames=1024, Channels=8, Samples=8192
[2023.12.04-05.41.53:411][  0]LogAudioMixer: Display: Starting AudioMixerPlatformInterface::RunInternal()
[2023.12.04-05.41.53:411][  0]LogAudioMixer: Display: FMixerPlatformXAudio2::SubmitBuffer() called for the first time
[2023.12.04-05.41.53:411][  0]LogInit: FAudioDevice initialized.
[2023.12.04-05.41.53:413][  0]LogNetVersion: Set ProjectVersion to 1.0.0.0. Version Checksum will be recalculated on next use.
[2023.12.04-05.41.53:415][  0]LogInit: Texture streaming: Enabled
[2023.12.04-05.41.53:930][  0]LogAudio: Display: Audio Device (ID: 1) registered with world 'Untitled'.
[2023.12.04-05.41.53:931][  0]LogSlate: Updating window title bar state: overlay mode, drag disabled, window buttons hidden, title bar hidden
[2023.12.04-05.41.53:932][  0]LogInit: Display: Game Engine Initialized.
[2023.12.04-05.41.53:932][  0]LogNiagaraEditor: GEditor isn't valid! Particle reset commands will not work for Niagara components!
[2023.12.04-05.41.53:979][  0]LogInit: Display: Starting Game.
[2023.12.04-05.41.53:981][  0]LogNet: Browse: /Game/Bob/Falling_UI?Name=Player
[2023.12.04-05.41.53:982][  0]LogLoad: LoadMap: /Game/Bob/Falling_UI?Name=Player
[2023.12.04-05.41.53:982][  0]LogWorld: BeginTearingDown for /Temp/Untitled_0
[2023.12.04-05.41.53:984][  0]LogWorld: UWorld::CleanupWorld for Untitled, bSessionEnded=true, bCleanupResources=true
[2023.12.04-05.41.53:984][  0]LogSlate: InvalidateAllWidgets triggered.  All widgets were invalidated
[2023.12.04-05.41.54:001][  0]LogAudio: Display: Audio Device unregistered from world 'None'.
[2023.12.04-05.41.54:004][  0]LogUObjectHash: Compacting FUObjectHashTables data took   0.88ms
[2023.12.04-05.41.54:035][  0]LogAudio: Display: Audio Device (ID: 1) registered with world 'Falling_UI'.
[2023.12.04-05.41.54:040][  0]LogAIModule: Creating AISystem for world Falling_UI
[2023.12.04-05.41.54:040][  0]LogLoad: Game class is 'LocalMultiplayer_bp_2_C'
[2023.12.04-05.41.54:050][  0]LogWorld: Bringing World /Game/Bob/Falling_UI.Falling_UI up for play (max tick rate 0) at 2023.12.04-05.41.54
[2023.12.04-05.41.54:052][  0]LogWorld: Bringing up level for play took: 0.010555
[2023.12.04-05.41.54:065][  0]LogBlueprintUserMessages: [LocalMultiplayer_bp_2_C_0] Falling_UI
[2023.12.04-05.41.54:066][  0]LogBlueprintUserMessages: [LocalMultiplayer_bp_2_C_0] Menu Detected
[2023.12.04-05.41.54:070][  0]LogScript: Warning: Accessed None trying to read property CallFunc_GetPlayerController_ReturnValue
	LocalMultiplayer_bp_2_C /Game/Bob/Falling_UI.Falling_UI:PersistentLevel.LocalMultiplayer_bp_2_C_0
	Function /Game/Bob/Modified-Sakith/LocalMultiplayer_bp_2.LocalMultiplayer_bp_2_C:SpwanInputRecivers:043B
[2023.12.04-05.41.54:070][  0]LogScript: Warning: Script call stack:
	Function /Game/Bob/Modified-Sakith/LocalMultiplayer_bp_2.LocalMultiplayer_bp_2_C:ReceiveBeginPlay
	Function /Game/Bob/Modified-Sakith/LocalMultiplayer_bp_2.LocalMultiplayer_bp_2_C:ExecuteUbergraph_LocalMultiplayer_bp_2
	Function /Game/Bob/Modified-Sakith/LocalMultiplayer_bp_2.LocalMultiplayer_bp_2_C:SpwanInputRecivers

[2023.12.04-05.41.54:070][  0]LogScript: Warning: Accessed None trying to read property CallFunc_GetPlayerController_ReturnValue
	LocalMultiplayer_bp_2_C /Game/Bob/Falling_UI.Falling_UI:PersistentLevel.LocalMultiplayer_bp_2_C_0
	Function /Game/Bob/Modified-Sakith/LocalMultiplayer_bp_2.LocalMultiplayer_bp_2_C:SpwanInputRecivers:04E4
[2023.12.04-05.41.54:070][  0]LogScript: Warning: Script call stack:
	Function /Game/Bob/Modified-Sakith/LocalMultiplayer_bp_2.LocalMultiplayer_bp_2_C:ReceiveBeginPlay
	Function /Game/Bob/Modified-Sakith/LocalMultiplayer_bp_2.LocalMultiplayer_bp_2_C:ExecuteUbergraph_LocalMultiplayer_bp_2
	Function /Game/Bob/Modified-Sakith/LocalMultiplayer_bp_2.LocalMultiplayer_bp_2_C:SpwanInputRecivers

[2023.12.04-05.41.54:073][  0]LogPlayerManagement: Error: Failed to Create Player: Maximum number of players (4) already created.  Unable to create more.
[2023.12.04-05.41.54:073][  0]LogLoad: Took 0.091709 seconds to LoadMap(/Game/Bob/Falling_UI)
[2023.12.04-05.41.54:132][  0]LogRenderer: Reallocating scene render targets to support 1280x720 Format 10 NumSamples 1 (Frame:1).
[2023.12.04-05.41.54:132][  0]LogSlate: Took 0.000125 seconds to synchronously load lazily loaded font '../../../Engine/Content/Slate/Fonts/Roboto-Regular.ttf' (155K)
[2023.12.04-05.41.54:170][  0]LogInit: Display: Engine is initialized. Leaving FEngineLoop::Init()
[2023.12.04-05.41.54:170][  0]LogLoad: (Engine Initialization) Total time: 5.04 seconds
[2023.12.04-05.41.54:170][  0]LogLoad: (Engine Initialization) Total Blueprint compile time: 0.00 seconds
[2023.12.04-05.41.54:175][  0]LogContentStreaming: Texture pool size now 1000 MB
[2023.12.04-05.41.54:176][  0]LogSlate: New Slate User Created.  User Index 1, Is Virtual User: 0
[2023.12.04-05.41.54:176][  0]LogSlate: Slate User Registered.  User Index 1, Is Virtual User: 0
[2023.12.04-05.41.54:176][  0]LogSlate: New Slate User Created.  User Index 2, Is Virtual User: 0
[2023.12.04-05.41.54:176][  0]LogSlate: Slate User Registered.  User Index 2, Is Virtual User: 0
[2023.12.04-05.41.54:176][  0]LogSlate: New Slate User Created.  User Index 3, Is Virtual User: 0
[2023.12.04-05.41.54:176][  0]LogSlate: Slate User Registered.  User Index 3, Is Virtual User: 0
[2023.12.04-05.41.54:177][  0]LogSlate: InvalidateAllWidgets triggered.  All widgets were invalidated
[2023.12.04-05.41.54:185][  0]LogRenderer: Reallocating scene render targets to support 128x128 Format 10 NumSamples 1 (Frame:1).
[2023.12.04-05.41.54:212][  0]LogRenderer: Reallocating scene render targets to support 1280x720 Format 10 NumSamples 1 (Frame:2).
[2023.12.04-05.41.54:235][  1]LogSlate: Took 0.000094 seconds to synchronously load lazily loaded font '../../../Engine/Content/Slate/Fonts/Roboto-Regular.ttf' (155K)
