Log file open, 12/04/23 05:44:06
LogWindows: Failed to load 'aqProf.dll' (GetLastError=126)
LogWindows: File 'aqProf.dll' does not exist
LogWindows: Failed to load 'VtuneApi.dll' (GetLastError=126)
LogWindows: File 'VtuneApi.dll' does not exist
LogWindows: Failed to load 'VtuneApi32e.dll' (GetLastError=126)
LogWindows: File 'VtuneApi32e.dll' does not exist
LogConsoleResponse: Display: Failed to find resolution value strings in scalability ini. Falling back to default.
LogConsoleResponse: Display: Failed to find resolution value strings in scalability ini. Falling back to default.
LogInit: Display: Running engine for game: terry
LogPlatformFile: Not using cached read wrapper
LogTaskGraph: Started task graph with 5 named threads and 35 total threads with 3 sets of task threads.
LogStats: Stats thread started at 0.188811
LogICUInternationalization: ICU TimeZone Detection - Raw Offset: +0:00, Platform Override: ''
LogInit: Display: Loading text-based GConfig....
LogPluginManager: Mounting plugin MeshPainting
LogPluginManager: Mounting plugin XGEController
LogPluginManager: Mounting plugin Paper2D
LogPluginManager: Mounting plugin LiveLink
LogPluginManager: Mounting plugin AISupport
LogPluginManager: Mounting plugin EnvironmentQueryEditor
LogPluginManager: Mounting plugin LightPropagationVolume
LogPluginManager: Mounting plugin GameplayCameras
LogPluginManager: Mounting plugin CameraShakePreviewer
LogPluginManager: Mounting plugin AnimationSharing
LogPluginManager: Mounting plugin CLionSourceCodeAccess
LogPluginManager: Mounting plugin CodeLiteSourceCodeAccess
LogPluginManager: Mounting plugin GitSourceControl
LogPluginManager: Mounting plugin NullSourceCodeAccess
LogPluginManager: Mounting plugin KDevelopSourceCodeAccess
LogPluginManager: Mounting plugin PixWinPlugin
LogPluginManager: Mounting plugin PerforceSourceControl
LogPluginManager: Mounting plugin PluginUtils
LogPluginManager: Mounting plugin PlasticSourceControl
LogPluginManager: Mounting plugin PropertyAccessNode
LogPluginManager: Mounting plugin RiderSourceCodeAccess
LogPluginManager: Mounting plugin SubversionSourceControl
LogPluginManager: Mounting plugin TextureFormatOodle
LogPluginManager: Mounting plugin OodleData
LogPluginManager: Mounting plugin UObjectPlugin
LogPluginManager: Mounting plugin VisualStudioSourceCodeAccess
LogPluginManager: Mounting plugin XCodeSourceCodeAccess
LogPluginManager: Mounting plugin VisualStudioCodeSourceCodeAccess
LogPluginManager: Mounting plugin AssetManagerEditor
LogPluginManager: Mounting plugin OodleNetwork
LogPluginManager: Mounting plugin Niagara
LogPluginManager: Mounting plugin AlembicImporter
LogPluginManager: Mounting plugin AutomationUtils
LogPluginManager: Mounting plugin BackChannel
LogPluginManager: Mounting plugin ChaosCloth
LogPluginManager: Mounting plugin ChaosClothEditor
LogPluginManager: Mounting plugin ChaosNiagara
LogPluginManager: Mounting plugin CryptoKeys
LogPluginManager: Mounting plugin ChaosSolverPlugin
LogPluginManager: Mounting plugin LuminPlatformFeatures
LogPluginManager: Mounting plugin ChaosEditor
LogPluginManager: Mounting plugin MagicLeap
LogPluginManager: Mounting plugin CurveEditorTools
LogPluginManager: Mounting plugin DataValidation
LogPluginManager: Mounting plugin FacialAnimation
LogPluginManager: Mounting plugin GeometryMode
LogPluginManager: Mounting plugin DatasmithContent
LogPluginManager: Mounting plugin GameplayTagsEditor
LogPluginManager: Mounting plugin MaterialAnalyzer
LogPluginManager: Mounting plugin CharacterAI
LogPluginManager: Mounting plugin MobileLauncherProfileWizard
LogPluginManager: Mounting plugin MacGraphicsSwitching
LogPluginManager: Mounting plugin PluginBrowser
LogPluginManager: Mounting plugin SpeedTreeImporter
LogPluginManager: Mounting plugin GeometryCache
LogPluginManager: Mounting plugin GeometryCollectionPlugin
LogPluginManager: Mounting plugin AndroidMedia
LogPluginManager: Mounting plugin MagicLeapLightEstimation
LogPluginManager: Mounting plugin MagicLeapMedia
LogPluginManager: Mounting plugin MagicLeapPassableWorld
LogPluginManager: Mounting plugin MLSDK
LogPluginManager: Mounting plugin GeometryProcessing
LogPluginManager: Mounting plugin VariantManagerContent
LogPluginManager: Mounting plugin AvfMedia
LogPluginManager: Mounting plugin OpenImageDenoise
LogPluginManager: Mounting plugin MotoSynth
LogPluginManager: Mounting plugin PlanarCut
LogPluginManager: Mounting plugin ProxyLODPlugin
LogPluginManager: Mounting plugin PlatformCrypto
LogPluginManager: Mounting plugin PythonScriptPlugin
LogPluginManager: Mounting plugin MediaCompositing
LogPluginManager: Mounting plugin MediaPlayerEditor
LogPluginManager: Mounting plugin WebMMedia
LogPluginManager: Mounting plugin WmfMedia
LogPluginManager: Mounting plugin SkeletalReduction
LogPluginManager: Mounting plugin TcpMessaging
LogPluginManager: Mounting plugin ActorSequence
LogPluginManager: Mounting plugin UdpMessaging
LogPluginManager: Mounting plugin MatineeToLevelSequence
LogPluginManager: Mounting plugin LevelSequenceEditor
LogPluginManager: Mounting plugin TemplateSequence
LogPluginManager: Mounting plugin OnlineSubsystem
LogPluginManager: Mounting plugin ImgMedia
LogPluginManager: Mounting plugin OnlineSubsystemNull
LogPluginManager: Mounting plugin OnlineSubsystemUtils
LogPluginManager: Mounting plugin LauncherChunkInstaller
LogPluginManager: Mounting plugin ActorLayerUtilities
LogPluginManager: Mounting plugin AndroidDeviceProfileSelector
LogPluginManager: Mounting plugin ScreenshotTools
LogPluginManager: Mounting plugin AndroidMoviePlayer
LogPluginManager: Mounting plugin AndroidPermission
LogPluginManager: Mounting plugin AppleImageUtils
LogPluginManager: Mounting plugin AppleMoviePlayer
LogPluginManager: Mounting plugin ArchVisCharacter
LogPluginManager: Mounting plugin AssetTags
LogPluginManager: Mounting plugin AudioCapture
LogPluginManager: Mounting plugin AudioSynesthesia
LogPluginManager: Mounting plugin CableComponent
LogPluginManager: Mounting plugin ChunkDownloader
LogPluginManager: Mounting plugin CustomMeshComponent
LogPluginManager: Mounting plugin EditableMesh
LogPluginManager: Mounting plugin ExampleDeviceProfileSelector
LogPluginManager: Mounting plugin GooglePAD
LogPluginManager: Mounting plugin GoogleCloudMessaging
LogPluginManager: Mounting plugin Takes
LogPluginManager: Mounting plugin LinuxDeviceProfileSelector
LogPluginManager: Mounting plugin LocationServicesBPLibrary
LogPluginManager: Mounting plugin MobilePatchingUtils
LogPluginManager: Mounting plugin OpenXREyeTracker
LogPluginManager: Mounting plugin OpenXRHandTracking
LogPluginManager: Mounting plugin OpenXR
LogPluginManager: Mounting plugin PhysXVehicles
LogPluginManager: Mounting plugin PostSplashScreen
LogPluginManager: Mounting plugin ProceduralMeshComponent
LogPluginManager: Mounting plugin PropertyAccessEditor
LogPluginManager: Mounting plugin RuntimePhysXCooking
LogPluginManager: Mounting plugin SignificanceManager
LogPluginManager: Mounting plugin SoundFields
LogPluginManager: Mounting plugin Synthesis
LogPluginManager: Mounting plugin WebMMoviePlayer
LogPluginManager: Mounting plugin IOSDeviceProfileSelector
LogPluginManager: Mounting plugin WindowsMoviePlayer
LogPluginManager: Mounting plugin ContentBrowserAssetDataSource
LogPluginManager: Mounting plugin ContentBrowserFileDataSource
LogPluginManager: Mounting plugin ContentBrowserClassDataSource
LogPluginManager: Mounting plugin OnlineSubsystemGooglePlay
LogPluginManager: Mounting plugin OnlineSubsystemIOS
LogPluginManager: Mounting plugin OculusVR
PixWinPlugin: PIX capture plugin failed to initialize! Check that the process is launched from PIX.
LogInit: Using libcurl 7.55.1-DEV
LogInit:  - built for x86_64-pc-win32
LogInit:  - supports SSL with OpenSSL/1.1.1
LogInit:  - supports HTTP deflate (compression) using libz 1.2.8
LogInit:  - other features:
LogInit:      CURL_VERSION_SSL
LogInit:      CURL_VERSION_LIBZ
LogInit:      CURL_VERSION_IPV6
LogInit:      CURL_VERSION_ASYNCHDNS
LogInit:      CURL_VERSION_LARGEFILE
LogInit:      CURL_VERSION_IDN
LogInit:  CurlRequestOptions (configurable via config and command line):
LogInit:  - bVerifyPeer = true  - Libcurl will verify peer certificate
LogInit:  - bUseHttpProxy = false  - Libcurl will NOT use HTTP proxy
LogInit:  - bDontReuseConnections = false  - Libcurl will reuse connections
LogInit:  - MaxHostConnections = 16  - Libcurl will limit the number of connections to a host
LogInit:  - LocalHostAddr = Default
LogInit:  - BufferSize = 65536
LogOnline: OSS: Creating online subsystem instance for: NULL
LogInit: WinSock: version 1.1 (2.2), MaxSocks=32767, MaxUdp=65467
LogOnline: OSS: TryLoadSubsystemAndSetDefault: Loaded subsystem for module [NULL]
LogOculusPluginWrapper: OculusPlugin initialized successfully
LogHMD: Failed initializing OVRPlugin 1.59.0
LogInit: Build: ++UE4+Release-4.27-CL-18319896
LogInit: Engine Version: 4.27.2-18319896+++UE4+Release-4.27
LogInit: Compatible Engine Version: 4.27.0-17155196+++UE4+Release-4.27
LogInit: Net CL: 17155196
LogInit: OS: Windows 10 (Release 2009) (), CPU: AMD Ryzen 5 5600X 6-Core Processor             , GPU: NVIDIA GeForce RTX 3060 Ti
LogInit: Compiled (64-bit): Nov 30 2021 07:12:08
LogInit: Compiled with Visual C++: 19.24.28315.00
LogInit: Build Configuration: Development
LogInit: Branch Name: ++UE4+Release-4.27
LogInit: Command Line:  /Game/Bob/Falling_UI -game -PIEVIACONSOLE -Multiprocess GameUserSettingsINI=E:/beta/BetaMain/BetaArcade_Team11/terry/Saved/Config/Windows/PIEGameUserSettings0.ini -MultiprocessSaveConfig -forcepassthrough -messaging -SessionName="Play in Standalone Game" -windowed -ResX=1280 -ResY=720
LogInit: Base Directory: E:/Epic/UE_4.27/Engine/Binaries/Win64/
LogInit: Allocator: TBB
LogInit: Installed Engine Build: 1
LogDevObjectVersion: Number of dev versions registered: 29
LogDevObjectVersion:   Dev-Blueprints (B0D832E4-1F89-4F0D-ACCF-7EB736FD4AA2): 10
LogDevObjectVersion:   Dev-Build (E1C64328-A22C-4D53-A36C-8E866417BD8C): 0
LogDevObjectVersion:   Dev-Core (375EC13C-06E4-48FB-B500-84F0262A717E): 4
LogDevObjectVersion:   Dev-Editor (E4B068ED-F494-42E9-A231-DA0B2E46BB41): 40
LogDevObjectVersion:   Dev-Framework (CFFC743F-43B0-4480-9391-14DF171D2073): 37
LogDevObjectVersion:   Dev-Mobile (B02B49B5-BB20-44E9-A304-32B752E40360): 3
LogDevObjectVersion:   Dev-Networking (A4E4105C-59A1-49B5-A7C5-40C4547EDFEE): 0
LogDevObjectVersion:   Dev-Online (39C831C9-5AE6-47DC-9A44-9C173E1C8E7C): 0
LogDevObjectVersion:   Dev-Physics (78F01B33-EBEA-4F98-B9B4-84EACCB95AA2): 14
LogDevObjectVersion:   Dev-Platform (6631380F-2D4D-43E0-8009-CF276956A95A): 0
LogDevObjectVersion:   Dev-Rendering (12F88B9F-8875-4AFC-A67C-D90C383ABD29): 45
LogDevObjectVersion:   Dev-Sequencer (7B5AE74C-D270-4C10-A958-57980B212A5A): 13
LogDevObjectVersion:   Dev-VR (D7296918-1DD6-4BDD-9DE2-64A83CC13884): 3
LogDevObjectVersion:   Dev-LoadTimes (C2A15278-BFE7-4AFE-6C17-90FF531DF755): 1
LogDevObjectVersion:   Private-Geometry (6EACA3D4-40EC-4CC1-B786-8BED09428FC5): 3
LogDevObjectVersion:   Dev-AnimPhys (29E575DD-E0A3-4627-9D10-D276232CDCEA): 17
LogDevObjectVersion:   Dev-Anim (AF43A65D-7FD3-4947-9873-3E8ED9C1BB05): 15
LogDevObjectVersion:   Dev-ReflectionCapture (6B266CEC-1EC7-4B8F-A30B-E4D90942FC07): 1
LogDevObjectVersion:   Dev-Automation (0DF73D61-A23F-47EA-B727-89E90C41499A): 1
LogDevObjectVersion:   FortniteMain (601D1886-AC64-4F84-AA16-D3DE0DEAC7D6): 47
LogDevObjectVersion:   FortniteRelease (E7086368-6B23-4C58-8439-1B7016265E91): 1
LogDevObjectVersion:   Dev-Enterprise (9DFFBCD6-494F-0158-E221-12823C92A888): 10
LogDevObjectVersion:   Dev-Niagara (F2AED0AC-9AFE-416F-8664-AA7FFA26D6FC): 1
LogDevObjectVersion:   Dev-Destruction (174F1F0B-B4C6-45A5-B13F-2EE8D0FB917D): 10
LogDevObjectVersion:   Dev-Physics-Ext (35F94A83-E258-406C-A318-09F59610247C): 41
LogDevObjectVersion:   Dev-PhysicsMaterial-Chaos (B68FC16E-8B1B-42E2-B453-215C058844FE): 1
LogDevObjectVersion:   Dev-CineCamera (B2E18506-4273-CFC2-A54E-F4BB758BBA07): 1
LogDevObjectVersion:   Dev-VirtualProduction (64F58936-FD1B-42BA-BA96-7289D5D0FA4E): 1
LogDevObjectVersion:   Dev-MediaFramework (6F0ED827-A609-4895-9C91-998D90180EA4): 2
LogInit: Presizing for max 25165824 objects, including 0 objects not considered by GC, pre-allocating 0 bytes for permanent pool.
LogConfig: Applying CVar settings from Section [/Script/Engine.StreamingSettings] File [E:/beta/BetaMain/BetaArcade_Team11/terry/Saved/Config/Windows/Engine.ini]
LogConfig: Setting CVar [[s.MinBulkDataSizeForAsyncLoading:131072]]
LogConfig: Setting CVar [[s.AsyncLoadingThreadEnabled:0]]
LogConfig: Setting CVar [[s.EventDrivenLoaderEnabled:1]]
LogConfig: Setting CVar [[s.WarnIfTimeLimitExceeded:0]]
LogConfig: Setting CVar [[s.TimeLimitExceededMultiplier:1.5]]
LogConfig: Setting CVar [[s.TimeLimitExceededMinTime:0.005]]
LogConfig: Setting CVar [[s.UseBackgroundLevelStreaming:1]]
LogConfig: Setting CVar [[s.PriorityAsyncLoadingExtraTime:15.0]]
LogConfig: Setting CVar [[s.LevelStreamingActorsUpdateTimeLimit:5.0]]
LogConfig: Setting CVar [[s.PriorityLevelStreamingActorsUpdateExtraTime:5.0]]
LogConfig: Setting CVar [[s.LevelStreamingComponentsRegistrationGranularity:10]]
LogConfig: Setting CVar [[s.UnregisterComponentsTimeLimit:1.0]]
LogConfig: Setting CVar [[s.LevelStreamingComponentsUnregistrationGranularity:5]]
LogConfig: Setting CVar [[s.FlushStreamingOnExit:1]]
LogInit: Object subsystem initialized
LogConfig: Setting CVar [[con.DebugEarlyDefault:1]]
LogConfig: Setting CVar [[r.setres:1280x720]]
[2023.12.04-05.44.07:598][  0]LogConfig: Setting CVar [[con.DebugEarlyDefault:1]]
[2023.12.04-05.44.07:598][  0]LogConfig: Setting CVar [[r.setres:1280x720]]
[2023.12.04-05.44.07:598][  0]LogConfig: Applying CVar settings from Section [/Script/Engine.RendererSettings] File [E:/beta/BetaMain/BetaArcade_Team11/terry/Saved/Config/Windows/Engine.ini]
[2023.12.04-05.44.07:598][  0]LogConfig: Setting CVar [[r.GPUCrashDebugging:0]]
[2023.12.04-05.44.07:598][  0]LogConfig: Applying CVar settings from Section [/Script/Engine.RendererOverrideSettings] File [E:/beta/BetaMain/BetaArcade_Team11/terry/Saved/Config/Windows/Engine.ini]
[2023.12.04-05.44.07:598][  0]LogConfig: Applying CVar settings from Section [/Script/Engine.StreamingSettings] File [E:/beta/BetaMain/BetaArcade_Team11/terry/Saved/Config/Windows/Engine.ini]
[2023.12.04-05.44.07:598][  0]LogConfig: Setting CVar [[s.MinBulkDataSizeForAsyncLoading:131072]]
[2023.12.04-05.44.07:598][  0]LogConfig: Setting CVar [[s.AsyncLoadingThreadEnabled:0]]
[2023.12.04-05.44.07:598][  0]LogConfig: Setting CVar [[s.EventDrivenLoaderEnabled:1]]
[2023.12.04-05.44.07:598][  0]LogConfig: Setting CVar [[s.WarnIfTimeLimitExceeded:0]]
[2023.12.04-05.44.07:598][  0]LogConfig: Setting CVar [[s.TimeLimitExceededMultiplier:1.5]]
[2023.12.04-05.44.07:598][  0]LogConfig: Setting CVar [[s.TimeLimitExceededMinTime:0.005]]
[2023.12.04-05.44.07:598][  0]LogConfig: Setting CVar [[s.UseBackgroundLevelStreaming:1]]
[2023.12.04-05.44.07:598][  0]LogConfig: Setting CVar [[s.PriorityAsyncLoadingExtraTime:15.0]]
[2023.12.04-05.44.07:598][  0]LogConfig: Setting CVar [[s.LevelStreamingActorsUpdateTimeLimit:5.0]]
[2023.12.04-05.44.07:598][  0]LogConfig: Setting CVar [[s.PriorityLevelStreamingActorsUpdateExtraTime:5.0]]
[2023.12.04-05.44.07:598][  0]LogConfig: Setting CVar [[s.LevelStreamingComponentsRegistrationGranularity:10]]
[2023.12.04-05.44.07:598][  0]LogConfig: Setting CVar [[s.UnregisterComponentsTimeLimit:1.0]]
[2023.12.04-05.44.07:598][  0]LogConfig: Setting CVar [[s.LevelStreamingComponentsUnregistrationGranularity:5]]
[2023.12.04-05.44.07:598][  0]LogConfig: Setting CVar [[s.FlushStreamingOnExit:1]]
[2023.12.04-05.44.07:598][  0]LogConfig: Applying CVar settings from Section [/Script/Engine.GarbageCollectionSettings] File [E:/beta/BetaMain/BetaArcade_Team11/terry/Saved/Config/Windows/Engine.ini]
[2023.12.04-05.44.07:598][  0]LogConfig: Setting CVar [[gc.MaxObjectsNotConsideredByGC:1]]
[2023.12.04-05.44.07:598][  0]LogConfig: Setting CVar [[gc.SizeOfPermanentObjectPool:0]]
[2023.12.04-05.44.07:598][  0]LogConfig: Setting CVar [[gc.FlushStreamingOnGC:0]]
[2023.12.04-05.44.07:598][  0]LogConfig: Setting CVar [[gc.NumRetriesBeforeForcingGC:10]]
[2023.12.04-05.44.07:598][  0]LogConfig: Setting CVar [[gc.AllowParallelGC:1]]
[2023.12.04-05.44.07:598][  0]LogConfig: Setting CVar [[gc.TimeBetweenPurgingPendingKillObjects:61.1]]
[2023.12.04-05.44.07:598][  0]LogConfig: Setting CVar [[gc.MaxObjectsInEditor:25165824]]
[2023.12.04-05.44.07:598][  0]LogConfig: Setting CVar [[gc.IncrementalBeginDestroyEnabled:1]]
[2023.12.04-05.44.07:598][  0]LogConfig: Setting CVar [[gc.CreateGCClusters:1]]
[2023.12.04-05.44.07:598][  0]LogConfig: Setting CVar [[gc.MinGCClusterSize:5]]
[2023.12.04-05.44.07:598][  0]LogConfig: Setting CVar [[gc.ActorClusteringEnabled:0]]
[2023.12.04-05.44.07:598][  0]LogConfig: Setting CVar [[gc.BlueprintClusteringEnabled:0]]
[2023.12.04-05.44.07:598][  0]LogConfig: Setting CVar [[gc.UseDisregardForGCOnDedicatedServers:0]]
[2023.12.04-05.44.07:598][  0]LogConfig: Setting CVar [[gc.MultithreadedDestructionEnabled:1]]
[2023.12.04-05.44.07:598][  0]LogConfig: Applying CVar settings from Section [/Script/Engine.NetworkSettings] File [E:/beta/BetaMain/BetaArcade_Team11/terry/Saved/Config/Windows/Engine.ini]
[2023.12.04-05.44.07:598][  0]LogConfig: Applying CVar settings from Section [/Script/UnrealEd.CookerSettings] File [E:/beta/BetaMain/BetaArcade_Team11/terry/Saved/Config/Windows/Engine.ini]
[2023.12.04-05.44.07:607][  0]LogConfig: Applying CVar settings from Section [ViewDistanceQuality@3] File [E:/beta/BetaMain/BetaArcade_Team11/terry/Saved/Config/Windows/Scalability.ini]
[2023.12.04-05.44.07:607][  0]LogConfig: Setting CVar [[r.SkeletalMeshLODBias:0]]
[2023.12.04-05.44.07:607][  0]LogConfig: Setting CVar [[r.ViewDistanceScale:1.0]]
[2023.12.04-05.44.07:607][  0]LogConfig: Applying CVar settings from Section [AntiAliasingQuality@3] File [E:/beta/BetaMain/BetaArcade_Team11/terry/Saved/Config/Windows/Scalability.ini]
[2023.12.04-05.44.07:607][  0]LogConfig: Setting CVar [[r.PostProcessAAQuality:4]]
[2023.12.04-05.44.07:607][  0]LogConfig: Applying CVar settings from Section [ShadowQuality@3] File [E:/beta/BetaMain/BetaArcade_Team11/terry/Saved/Config/Windows/Scalability.ini]
[2023.12.04-05.44.07:607][  0]LogConfig: Setting CVar [[r.LightFunctionQuality:1]]
[2023.12.04-05.44.07:607][  0]LogConfig: Setting CVar [[r.ShadowQuality:5]]
[2023.12.04-05.44.07:607][  0]LogConfig: Setting CVar [[r.Shadow.CSM.MaxCascades:10]]
[2023.12.04-05.44.07:607][  0]LogConfig: Setting CVar [[r.Shadow.MaxResolution:2048]]
[2023.12.04-05.44.07:607][  0]LogConfig: Setting CVar [[r.Shadow.MaxCSMResolution:2048]]
[2023.12.04-05.44.07:607][  0]LogConfig: Setting CVar [[r.Shadow.RadiusThreshold:0.01]]
[2023.12.04-05.44.07:607][  0]LogConfig: Setting CVar [[r.Shadow.DistanceScale:1.0]]
[2023.12.04-05.44.07:607][  0]LogConfig: Setting CVar [[r.Shadow.CSM.TransitionScale:1.0]]
[2023.12.04-05.44.07:607][  0]LogConfig: Setting CVar [[r.Shadow.PreShadowResolutionFactor:1.0]]
[2023.12.04-05.44.07:607][  0]LogConfig: Setting CVar [[r.DistanceFieldShadowing:1]]
[2023.12.04-05.44.07:607][  0]LogConfig: Setting CVar [[r.DistanceFieldAO:1]]
[2023.12.04-05.44.07:607][  0]LogConfig: Setting CVar [[r.AOQuality:2]]
[2023.12.04-05.44.07:607][  0]LogConfig: Setting CVar [[r.VolumetricFog:1]]
[2023.12.04-05.44.07:607][  0]LogConfig: Setting CVar [[r.VolumetricFog.GridPixelSize:8]]
[2023.12.04-05.44.07:607][  0]LogConfig: Setting CVar [[r.VolumetricFog.GridSizeZ:128]]
[2023.12.04-05.44.07:607][  0]LogConfig: Setting CVar [[r.VolumetricFog.HistoryMissSupersampleCount:4]]
[2023.12.04-05.44.07:607][  0]LogConfig: Setting CVar [[r.LightMaxDrawDistanceScale:1]]
[2023.12.04-05.44.07:607][  0]LogConfig: Setting CVar [[r.CapsuleShadows:1]]
[2023.12.04-05.44.07:607][  0]LogConfig: Applying CVar settings from Section [PostProcessQuality@3] File [E:/beta/BetaMain/BetaArcade_Team11/terry/Saved/Config/Windows/Scalability.ini]
[2023.12.04-05.44.07:607][  0]LogConfig: Setting CVar [[r.MotionBlurQuality:4]]
[2023.12.04-05.44.07:607][  0]LogConfig: Setting CVar [[r.AmbientOcclusionMipLevelFactor:0.4]]
[2023.12.04-05.44.07:607][  0]LogConfig: Setting CVar [[r.AmbientOcclusionMaxQuality:100]]
[2023.12.04-05.44.07:607][  0]LogConfig: Setting CVar [[r.AmbientOcclusionLevels:-1]]
[2023.12.04-05.44.07:607][  0]LogConfig: Setting CVar [[r.AmbientOcclusionRadiusScale:1.0]]
[2023.12.04-05.44.07:608][  0]LogConfig: Setting CVar [[r.DepthOfFieldQuality:2]]
[2023.12.04-05.44.07:608][  0]LogConfig: Setting CVar [[r.RenderTargetPoolMin:400]]
[2023.12.04-05.44.07:608][  0]LogConfig: Setting CVar [[r.LensFlareQuality:2]]
[2023.12.04-05.44.07:608][  0]LogConfig: Setting CVar [[r.SceneColorFringeQuality:1]]
[2023.12.04-05.44.07:608][  0]LogConfig: Setting CVar [[r.EyeAdaptationQuality:2]]
[2023.12.04-05.44.07:608][  0]LogConfig: Setting CVar [[r.BloomQuality:5]]
[2023.12.04-05.44.07:608][  0]LogConfig: Setting CVar [[r.FastBlurThreshold:100]]
[2023.12.04-05.44.07:608][  0]LogConfig: Setting CVar [[r.Upscale.Quality:3]]
[2023.12.04-05.44.07:608][  0]LogConfig: Setting CVar [[r.Tonemapper.GrainQuantization:1]]
[2023.12.04-05.44.07:608][  0]LogConfig: Setting CVar [[r.LightShaftQuality:1]]
[2023.12.04-05.44.07:608][  0]LogConfig: Setting CVar [[r.Filter.SizeScale:1]]
[2023.12.04-05.44.07:608][  0]LogConfig: Setting CVar [[r.Tonemapper.Quality:5]]
[2023.12.04-05.44.07:608][  0]LogConfig: Setting CVar [[r.DOF.Gather.AccumulatorQuality:1        ; higher gathering accumulator quality]]
[2023.12.04-05.44.07:608][  0]LogConfig: Setting CVar [[r.DOF.Gather.PostfilterMethod:1          ; Median3x3 postfilering method]]
[2023.12.04-05.44.07:608][  0]LogConfig: Setting CVar [[r.DOF.Gather.EnableBokehSettings:0       ; no bokeh simulation when gathering]]
[2023.12.04-05.44.07:608][  0]LogConfig: Setting CVar [[r.DOF.Gather.RingCount:4                 ; medium number of samples when gathering]]
[2023.12.04-05.44.07:608][  0]LogConfig: Setting CVar [[r.DOF.Scatter.ForegroundCompositing:1    ; additive foreground scattering]]
[2023.12.04-05.44.07:608][  0]LogConfig: Setting CVar [[r.DOF.Scatter.BackgroundCompositing:2    ; additive background scattering]]
[2023.12.04-05.44.07:608][  0]LogConfig: Setting CVar [[r.DOF.Scatter.EnableBokehSettings:1      ; bokeh simulation when scattering]]
[2023.12.04-05.44.07:608][  0]LogConfig: Setting CVar [[r.DOF.Scatter.MaxSpriteRatio:0.1         ; only a maximum of 10% of scattered bokeh]]
[2023.12.04-05.44.07:608][  0]LogConfig: Setting CVar [[r.DOF.Recombine.Quality:1                ; cheap slight out of focus]]
[2023.12.04-05.44.07:608][  0]LogConfig: Setting CVar [[r.DOF.Recombine.EnableBokehSettings:0    ; no bokeh simulation on slight out of focus]]
[2023.12.04-05.44.07:608][  0]LogConfig: Setting CVar [[r.DOF.TemporalAAQuality:1                ; more stable temporal accumulation]]
[2023.12.04-05.44.07:608][  0]LogConfig: Setting CVar [[r.DOF.Kernel.MaxForegroundRadius:0.025]]
[2023.12.04-05.44.07:608][  0]LogConfig: Setting CVar [[r.DOF.Kernel.MaxBackgroundRadius:0.025]]
[2023.12.04-05.44.07:608][  0]LogConfig: Applying CVar settings from Section [TextureQuality@3] File [E:/beta/BetaMain/BetaArcade_Team11/terry/Saved/Config/Windows/Scalability.ini]
[2023.12.04-05.44.07:608][  0]LogConfig: Setting CVar [[r.Streaming.MipBias:0]]
[2023.12.04-05.44.07:608][  0]LogConfig: Setting CVar [[r.Streaming.AmortizeCPUToGPUCopy:0]]
[2023.12.04-05.44.07:608][  0]LogConfig: Setting CVar [[r.Streaming.MaxNumTexturesToStreamPerFrame:0]]
[2023.12.04-05.44.07:608][  0]LogConfig: Setting CVar [[r.Streaming.Boost:1]]
[2023.12.04-05.44.07:608][  0]LogConfig: Setting CVar [[r.MaxAnisotropy:8]]
[2023.12.04-05.44.07:608][  0]LogConfig: Setting CVar [[r.VT.MaxAnisotropy:8]]
[2023.12.04-05.44.07:608][  0]LogConfig: Setting CVar [[r.Streaming.LimitPoolSizeToVRAM:0]]
[2023.12.04-05.44.07:608][  0]LogConfig: Setting CVar [[r.Streaming.PoolSize:1000]]
[2023.12.04-05.44.07:608][  0]LogConfig: Setting CVar [[r.Streaming.MaxEffectiveScreenSize:0]]
[2023.12.04-05.44.07:608][  0]LogConfig: Applying CVar settings from Section [EffectsQuality@3] File [E:/beta/BetaMain/BetaArcade_Team11/terry/Saved/Config/Windows/Scalability.ini]
[2023.12.04-05.44.07:608][  0]LogConfig: Setting CVar [[r.TranslucencyLightingVolumeDim:64]]
[2023.12.04-05.44.07:608][  0]LogConfig: Setting CVar [[r.RefractionQuality:2]]
[2023.12.04-05.44.07:608][  0]LogConfig: Setting CVar [[r.SSR.Quality:3]]
[2023.12.04-05.44.07:608][  0]LogConfig: Setting CVar [[r.SSR.HalfResSceneColor:0]]
[2023.12.04-05.44.07:608][  0]LogConfig: Setting CVar [[r.SceneColorFormat:4]]
[2023.12.04-05.44.07:608][  0]LogConfig: Setting CVar [[r.DetailMode:2]]
[2023.12.04-05.44.07:608][  0]LogConfig: Setting CVar [[r.TranslucencyVolumeBlur:1]]
[2023.12.04-05.44.07:608][  0]LogConfig: Setting CVar [[r.MaterialQualityLevel:1 ; High quality]]
[2023.12.04-05.44.07:608][  0]LogConfig: Setting CVar [[r.AnisotropicMaterials:1]]
[2023.12.04-05.44.07:608][  0]LogConfig: Setting CVar [[r.SSS.Scale:1]]
[2023.12.04-05.44.07:608][  0]LogConfig: Setting CVar [[r.SSS.SampleSet:2]]
[2023.12.04-05.44.07:608][  0]LogConfig: Setting CVar [[r.SSS.Quality:1]]
[2023.12.04-05.44.07:608][  0]LogConfig: Setting CVar [[r.SSS.HalfRes:0]]
[2023.12.04-05.44.07:608][  0]LogConfig: Setting CVar [[r.SSGI.Quality:3]]
[2023.12.04-05.44.07:608][  0]LogConfig: Setting CVar [[r.EmitterSpawnRateScale:1.0]]
[2023.12.04-05.44.07:608][  0]LogConfig: Setting CVar [[r.ParticleLightQuality:2]]
[2023.12.04-05.44.07:608][  0]LogConfig: Setting CVar [[r.SkyAtmosphere.AerialPerspectiveLUT.FastApplyOnOpaque:1 ; Always have FastSkyLUT 1 in this case to avoid wrong sky]]
[2023.12.04-05.44.07:608][  0]LogConfig: Setting CVar [[r.SkyAtmosphere.AerialPerspectiveLUT.SampleCountMaxPerSlice:4]]
[2023.12.04-05.44.07:608][  0]LogConfig: Setting CVar [[r.SkyAtmosphere.AerialPerspectiveLUT.DepthResolution:16.0]]
[2023.12.04-05.44.07:608][  0]LogConfig: Setting CVar [[r.SkyAtmosphere.FastSkyLUT:1]]
[2023.12.04-05.44.07:608][  0]LogConfig: Setting CVar [[r.SkyAtmosphere.FastSkyLUT.SampleCountMin:4.0]]
[2023.12.04-05.44.07:608][  0]LogConfig: Setting CVar [[r.SkyAtmosphere.FastSkyLUT.SampleCountMax:128.0]]
[2023.12.04-05.44.07:608][  0]LogConfig: Setting CVar [[r.SkyAtmosphere.SampleCountMin:4.0]]
[2023.12.04-05.44.07:608][  0]LogConfig: Setting CVar [[r.SkyAtmosphere.SampleCountMax:128.0]]
[2023.12.04-05.44.07:608][  0]LogConfig: Setting CVar [[r.SkyAtmosphere.TransmittanceLUT.UseSmallFormat:0]]
[2023.12.04-05.44.07:608][  0]LogConfig: Setting CVar [[r.SkyAtmosphere.TransmittanceLUT.SampleCount:10.0]]
[2023.12.04-05.44.07:608][  0]LogConfig: Setting CVar [[r.SkyAtmosphere.MultiScatteringLUT.SampleCount:15.0]]
[2023.12.04-05.44.07:608][  0]LogConfig: Setting CVar [[r.SkyLight.RealTimeReflectionCapture:1]]
[2023.12.04-05.44.07:608][  0]LogConfig: Applying CVar settings from Section [FoliageQuality@3] File [E:/beta/BetaMain/BetaArcade_Team11/terry/Saved/Config/Windows/Scalability.ini]
[2023.12.04-05.44.07:608][  0]LogConfig: Setting CVar [[foliage.DensityScale:1.0]]
[2023.12.04-05.44.07:608][  0]LogConfig: Setting CVar [[grass.DensityScale:1.0]]
[2023.12.04-05.44.07:608][  0]LogConfig: Applying CVar settings from Section [ShadingQuality@3] File [E:/beta/BetaMain/BetaArcade_Team11/terry/Saved/Config/Windows/Scalability.ini]
[2023.12.04-05.44.07:608][  0]LogConfig: Setting CVar [[r.HairStrands.SkyLighting.IntegrationType:2]]
[2023.12.04-05.44.07:608][  0]LogConfig: Setting CVar [[r.HairStrands.SkyAO.SampleCount:4]]
[2023.12.04-05.44.07:608][  0]LogConfig: Setting CVar [[r.HairStrands.Visibility.MSAA.SamplePerPixel:4]]
[2023.12.04-05.44.07:608][  0]LogInit: Selected Device Profile: [Windows]
[2023.12.04-05.44.07:608][  0]LogInit: Applying CVar settings loaded from the selected device profile: [Windows]
[2023.12.04-05.44.07:608][  0]LogHAL: Display: Platform has ~ 16 GB [17086058496 / 17179869184 / 16], which maps to Larger [LargestMinGB=32, LargerMinGB=12, DefaultMinGB=8, SmallerMinGB=6, SmallestMinGB=0)
[2023.12.04-05.44.07:608][  0]LogInit: Going up to parent DeviceProfile []
[2023.12.04-05.44.07:608][  0]LogConfig: Applying CVar settings from Section [ViewDistanceQuality@3] File [E:/beta/BetaMain/BetaArcade_Team11/terry/Saved/Config/Windows/Scalability.ini]
[2023.12.04-05.44.07:608][  0]LogConfig: Setting CVar [[r.SkeletalMeshLODBias:0]]
[2023.12.04-05.44.07:608][  0]LogConfig: Setting CVar [[r.ViewDistanceScale:1.0]]
[2023.12.04-05.44.07:608][  0]LogConfig: Applying CVar settings from Section [AntiAliasingQuality@3] File [E:/beta/BetaMain/BetaArcade_Team11/terry/Saved/Config/Windows/Scalability.ini]
[2023.12.04-05.44.07:608][  0]LogConfig: Setting CVar [[r.PostProcessAAQuality:4]]
[2023.12.04-05.44.07:608][  0]LogConfig: Applying CVar settings from Section [ShadowQuality@3] File [E:/beta/BetaMain/BetaArcade_Team11/terry/Saved/Config/Windows/Scalability.ini]
[2023.12.04-05.44.07:608][  0]LogConfig: Setting CVar [[r.LightFunctionQuality:1]]
[2023.12.04-05.44.07:609][  0]LogConfig: Setting CVar [[r.ShadowQuality:5]]
[2023.12.04-05.44.07:609][  0]LogConfig: Setting CVar [[r.Shadow.CSM.MaxCascades:10]]
[2023.12.04-05.44.07:609][  0]LogConfig: Setting CVar [[r.Shadow.MaxResolution:2048]]
[2023.12.04-05.44.07:609][  0]LogConfig: Setting CVar [[r.Shadow.MaxCSMResolution:2048]]
[2023.12.04-05.44.07:609][  0]LogConfig: Setting CVar [[r.Shadow.RadiusThreshold:0.01]]
[2023.12.04-05.44.07:609][  0]LogConfig: Setting CVar [[r.Shadow.DistanceScale:1.0]]
[2023.12.04-05.44.07:609][  0]LogConfig: Setting CVar [[r.Shadow.CSM.TransitionScale:1.0]]
[2023.12.04-05.44.07:609][  0]LogConfig: Setting CVar [[r.Shadow.PreShadowResolutionFactor:1.0]]
[2023.12.04-05.44.07:609][  0]LogConfig: Setting CVar [[r.DistanceFieldShadowing:1]]
[2023.12.04-05.44.07:609][  0]LogConfig: Setting CVar [[r.DistanceFieldAO:1]]
[2023.12.04-05.44.07:609][  0]LogConfig: Setting CVar [[r.AOQuality:2]]
[2023.12.04-05.44.07:609][  0]LogConfig: Setting CVar [[r.VolumetricFog:1]]
[2023.12.04-05.44.07:609][  0]LogConfig: Setting CVar [[r.VolumetricFog.GridPixelSize:8]]
[2023.12.04-05.44.07:609][  0]LogConfig: Setting CVar [[r.VolumetricFog.GridSizeZ:128]]
[2023.12.04-05.44.07:609][  0]LogConfig: Setting CVar [[r.VolumetricFog.HistoryMissSupersampleCount:4]]
[2023.12.04-05.44.07:609][  0]LogConfig: Setting CVar [[r.LightMaxDrawDistanceScale:1]]
[2023.12.04-05.44.07:609][  0]LogConfig: Setting CVar [[r.CapsuleShadows:1]]
[2023.12.04-05.44.07:609][  0]LogConfig: Applying CVar settings from Section [PostProcessQuality@3] File [E:/beta/BetaMain/BetaArcade_Team11/terry/Saved/Config/Windows/Scalability.ini]
[2023.12.04-05.44.07:609][  0]LogConfig: Setting CVar [[r.MotionBlurQuality:4]]
[2023.12.04-05.44.07:609][  0]LogConfig: Setting CVar [[r.AmbientOcclusionMipLevelFactor:0.4]]
[2023.12.04-05.44.07:609][  0]LogConfig: Setting CVar [[r.AmbientOcclusionMaxQuality:100]]
[2023.12.04-05.44.07:609][  0]LogConfig: Setting CVar [[r.AmbientOcclusionLevels:-1]]
[2023.12.04-05.44.07:609][  0]LogConfig: Setting CVar [[r.AmbientOcclusionRadiusScale:1.0]]
[2023.12.04-05.44.07:609][  0]LogConfig: Setting CVar [[r.DepthOfFieldQuality:2]]
[2023.12.04-05.44.07:609][  0]LogConfig: Setting CVar [[r.RenderTargetPoolMin:400]]
[2023.12.04-05.44.07:609][  0]LogConfig: Setting CVar [[r.LensFlareQuality:2]]
[2023.12.04-05.44.07:609][  0]LogConfig: Setting CVar [[r.SceneColorFringeQuality:1]]
[2023.12.04-05.44.07:609][  0]LogConfig: Setting CVar [[r.EyeAdaptationQuality:2]]
[2023.12.04-05.44.07:609][  0]LogConfig: Setting CVar [[r.BloomQuality:5]]
[2023.12.04-05.44.07:609][  0]LogConfig: Setting CVar [[r.FastBlurThreshold:100]]
[2023.12.04-05.44.07:609][  0]LogConfig: Setting CVar [[r.Upscale.Quality:3]]
[2023.12.04-05.44.07:609][  0]LogConfig: Setting CVar [[r.Tonemapper.GrainQuantization:1]]
[2023.12.04-05.44.07:609][  0]LogConfig: Setting CVar [[r.LightShaftQuality:1]]
[2023.12.04-05.44.07:609][  0]LogConfig: Setting CVar [[r.Filter.SizeScale:1]]
[2023.12.04-05.44.07:609][  0]LogConfig: Setting CVar [[r.Tonemapper.Quality:5]]
[2023.12.04-05.44.07:609][  0]LogConfig: Setting CVar [[r.DOF.Gather.AccumulatorQuality:1        ; higher gathering accumulator quality]]
[2023.12.04-05.44.07:609][  0]LogConfig: Setting CVar [[r.DOF.Gather.PostfilterMethod:1          ; Median3x3 postfilering method]]
[2023.12.04-05.44.07:609][  0]LogConfig: Setting CVar [[r.DOF.Gather.EnableBokehSettings:0       ; no bokeh simulation when gathering]]
[2023.12.04-05.44.07:609][  0]LogConfig: Setting CVar [[r.DOF.Gather.RingCount:4                 ; medium number of samples when gathering]]
[2023.12.04-05.44.07:609][  0]LogConfig: Setting CVar [[r.DOF.Scatter.ForegroundCompositing:1    ; additive foreground scattering]]
[2023.12.04-05.44.07:609][  0]LogConfig: Setting CVar [[r.DOF.Scatter.BackgroundCompositing:2    ; additive background scattering]]
[2023.12.04-05.44.07:609][  0]LogConfig: Setting CVar [[r.DOF.Scatter.EnableBokehSettings:1      ; bokeh simulation when scattering]]
[2023.12.04-05.44.07:609][  0]LogConfig: Setting CVar [[r.DOF.Scatter.MaxSpriteRatio:0.1         ; only a maximum of 10% of scattered bokeh]]
[2023.12.04-05.44.07:609][  0]LogConfig: Setting CVar [[r.DOF.Recombine.Quality:1                ; cheap slight out of focus]]
[2023.12.04-05.44.07:609][  0]LogConfig: Setting CVar [[r.DOF.Recombine.EnableBokehSettings:0    ; no bokeh simulation on slight out of focus]]
[2023.12.04-05.44.07:609][  0]LogConfig: Setting CVar [[r.DOF.TemporalAAQuality:1                ; more stable temporal accumulation]]
[2023.12.04-05.44.07:609][  0]LogConfig: Setting CVar [[r.DOF.Kernel.MaxForegroundRadius:0.025]]
[2023.12.04-05.44.07:609][  0]LogConfig: Setting CVar [[r.DOF.Kernel.MaxBackgroundRadius:0.025]]
[2023.12.04-05.44.07:609][  0]LogConfig: Applying CVar settings from Section [TextureQuality@3] File [E:/beta/BetaMain/BetaArcade_Team11/terry/Saved/Config/Windows/Scalability.ini]
[2023.12.04-05.44.07:609][  0]LogConfig: Setting CVar [[r.Streaming.MipBias:0]]
[2023.12.04-05.44.07:609][  0]LogConfig: Setting CVar [[r.Streaming.AmortizeCPUToGPUCopy:0]]
[2023.12.04-05.44.07:609][  0]LogConfig: Setting CVar [[r.Streaming.MaxNumTexturesToStreamPerFrame:0]]
[2023.12.04-05.44.07:609][  0]LogConfig: Setting CVar [[r.Streaming.Boost:1]]
[2023.12.04-05.44.07:609][  0]LogConfig: Setting CVar [[r.MaxAnisotropy:8]]
[2023.12.04-05.44.07:609][  0]LogConfig: Setting CVar [[r.VT.MaxAnisotropy:8]]
[2023.12.04-05.44.07:609][  0]LogConfig: Setting CVar [[r.Streaming.LimitPoolSizeToVRAM:0]]
[2023.12.04-05.44.07:609][  0]LogConfig: Setting CVar [[r.Streaming.PoolSize:1000]]
[2023.12.04-05.44.07:609][  0]LogConfig: Setting CVar [[r.Streaming.MaxEffectiveScreenSize:0]]
[2023.12.04-05.44.07:609][  0]LogConfig: Applying CVar settings from Section [EffectsQuality@3] File [E:/beta/BetaMain/BetaArcade_Team11/terry/Saved/Config/Windows/Scalability.ini]
[2023.12.04-05.44.07:609][  0]LogConfig: Setting CVar [[r.TranslucencyLightingVolumeDim:64]]
[2023.12.04-05.44.07:609][  0]LogConfig: Setting CVar [[r.RefractionQuality:2]]
[2023.12.04-05.44.07:609][  0]LogConfig: Setting CVar [[r.SSR.Quality:3]]
[2023.12.04-05.44.07:609][  0]LogConfig: Setting CVar [[r.SSR.HalfResSceneColor:0]]
[2023.12.04-05.44.07:609][  0]LogConfig: Setting CVar [[r.SceneColorFormat:4]]
[2023.12.04-05.44.07:609][  0]LogConfig: Setting CVar [[r.DetailMode:2]]
[2023.12.04-05.44.07:609][  0]LogConfig: Setting CVar [[r.TranslucencyVolumeBlur:1]]
[2023.12.04-05.44.07:609][  0]LogConfig: Setting CVar [[r.MaterialQualityLevel:1 ; High quality]]
[2023.12.04-05.44.07:609][  0]LogConfig: Setting CVar [[r.AnisotropicMaterials:1]]
[2023.12.04-05.44.07:609][  0]LogConfig: Setting CVar [[r.SSS.Scale:1]]
[2023.12.04-05.44.07:609][  0]LogConfig: Setting CVar [[r.SSS.SampleSet:2]]
[2023.12.04-05.44.07:609][  0]LogConfig: Setting CVar [[r.SSS.Quality:1]]
[2023.12.04-05.44.07:609][  0]LogConfig: Setting CVar [[r.SSS.HalfRes:0]]
[2023.12.04-05.44.07:609][  0]LogConfig: Setting CVar [[r.SSGI.Quality:3]]
[2023.12.04-05.44.07:609][  0]LogConfig: Setting CVar [[r.EmitterSpawnRateScale:1.0]]
[2023.12.04-05.44.07:609][  0]LogConfig: Setting CVar [[r.ParticleLightQuality:2]]
[2023.12.04-05.44.07:609][  0]LogConfig: Setting CVar [[r.SkyAtmosphere.AerialPerspectiveLUT.FastApplyOnOpaque:1 ; Always have FastSkyLUT 1 in this case to avoid wrong sky]]
[2023.12.04-05.44.07:609][  0]LogConfig: Setting CVar [[r.SkyAtmosphere.AerialPerspectiveLUT.SampleCountMaxPerSlice:4]]
[2023.12.04-05.44.07:609][  0]LogConfig: Setting CVar [[r.SkyAtmosphere.AerialPerspectiveLUT.DepthResolution:16.0]]
[2023.12.04-05.44.07:609][  0]LogConfig: Setting CVar [[r.SkyAtmosphere.FastSkyLUT:1]]
[2023.12.04-05.44.07:609][  0]LogConfig: Setting CVar [[r.SkyAtmosphere.FastSkyLUT.SampleCountMin:4.0]]
[2023.12.04-05.44.07:609][  0]LogConfig: Setting CVar [[r.SkyAtmosphere.FastSkyLUT.SampleCountMax:128.0]]
[2023.12.04-05.44.07:609][  0]LogConfig: Setting CVar [[r.SkyAtmosphere.SampleCountMin:4.0]]
[2023.12.04-05.44.07:609][  0]LogConfig: Setting CVar [[r.SkyAtmosphere.SampleCountMax:128.0]]
[2023.12.04-05.44.07:609][  0]LogConfig: Setting CVar [[r.SkyAtmosphere.TransmittanceLUT.UseSmallFormat:0]]
[2023.12.04-05.44.07:609][  0]LogConfig: Setting CVar [[r.SkyAtmosphere.TransmittanceLUT.SampleCount:10.0]]
[2023.12.04-05.44.07:609][  0]LogConfig: Setting CVar [[r.SkyAtmosphere.MultiScatteringLUT.SampleCount:15.0]]
[2023.12.04-05.44.07:609][  0]LogConfig: Setting CVar [[r.SkyLight.RealTimeReflectionCapture:1]]
[2023.12.04-05.44.07:609][  0]LogConfig: Applying CVar settings from Section [FoliageQuality@3] File [E:/beta/BetaMain/BetaArcade_Team11/terry/Saved/Config/Windows/Scalability.ini]
[2023.12.04-05.44.07:609][  0]LogConfig: Setting CVar [[foliage.DensityScale:1.0]]
[2023.12.04-05.44.07:609][  0]LogConfig: Setting CVar [[grass.DensityScale:1.0]]
[2023.12.04-05.44.07:609][  0]LogConfig: Applying CVar settings from Section [ShadingQuality@3] File [E:/beta/BetaMain/BetaArcade_Team11/terry/Saved/Config/Windows/Scalability.ini]
[2023.12.04-05.44.07:609][  0]LogConfig: Setting CVar [[r.HairStrands.SkyLighting.IntegrationType:2]]
[2023.12.04-05.44.07:609][  0]LogConfig: Setting CVar [[r.HairStrands.SkyAO.SampleCount:4]]
[2023.12.04-05.44.07:609][  0]LogConfig: Setting CVar [[r.HairStrands.Visibility.MSAA.SamplePerPixel:4]]
[2023.12.04-05.44.07:609][  0]LogConfig: Applying CVar settings from Section [Startup] File [../../../Engine/Config/ConsoleVariables.ini]
[2023.12.04-05.44.07:609][  0]LogConfig: Setting CVar [[net.UseAdaptiveNetUpdateFrequency:0]]
[2023.12.04-05.44.07:610][  0]LogConfig: Setting CVar [[p.chaos.AllowCreatePhysxBodies:1]]
[2023.12.04-05.44.07:610][  0]LogConfig: Setting CVar [[fx.SkipVectorVMBackendOptimizations:1]]
[2023.12.04-05.44.07:610][  0]LogConfig: Applying CVar settings from Section [ConsoleVariables] File [E:/beta/BetaMain/BetaArcade_Team11/terry/Saved/Config/Windows/Engine.ini]
[2023.12.04-05.44.07:610][  0]LogConfig: Applying CVar settings from Section [ConsoleVariables] File [E:/beta/BetaMain/BetaArcade_Team11/terry/Saved/Config/Windows/Editor.ini]
[2023.12.04-05.44.07:610][  0]LogInit: Computer: DESKTOP-P448NMC
[2023.12.04-05.44.07:610][  0]LogInit: User: Rober
[2023.12.04-05.44.07:610][  0]LogInit: CPU Page size=4096, Cores=6
[2023.12.04-05.44.07:610][  0]LogInit: High frequency timer resolution =10.000000 MHz
[2023.12.04-05.44.07:610][  0]LogMemory: Memory total: Physical=15.9GB (16GB approx)
[2023.12.04-05.44.07:610][  0]LogMemory: Platform Memory Stats for Windows
[2023.12.04-05.44.07:610][  0]LogMemory: Process Physical Memory: 148.31 MB used, 152.17 MB peak
[2023.12.04-05.44.07:610][  0]LogMemory: Process Virtual Memory: 130.31 MB used, 130.31 MB peak
[2023.12.04-05.44.07:610][  0]LogMemory: Physical Memory: 12019.71 MB used,  4274.82 MB free, 16294.54 MB total
[2023.12.04-05.44.07:610][  0]LogMemory: Virtual Memory: 134203728.00 MB used,  13996.04 MB free, 134217728.00 MB total
[2023.12.04-05.44.07:614][  0]LogWindows: WindowsPlatformFeatures enabled
[2023.12.04-05.44.07:644][  0]LogInit: Physics initialised using underlying interface: PhysX
[2023.12.04-05.44.07:645][  0]LogInit: Using OS detected language (en-US).
[2023.12.04-05.44.07:645][  0]LogInit: Using OS detected locale (en-GB).
[2023.12.04-05.44.07:646][  0]LogTextLocalizationManager: No specific localization for 'en-US' exists, so the 'en' localization will be used.
[2023.12.04-05.44.07:805][  0]LogWindowsTextInputMethodSystem: Display: IME system deactivated.
[2023.12.04-05.44.07:834][  0]LogSlate: New Slate User Created.  User Index 0, Is Virtual User: 0
[2023.12.04-05.44.07:834][  0]LogSlate: Slate User Registered.  User Index 0, Is Virtual User: 0
[2023.12.04-05.44.07:846][  0]LogD3D11RHI: Loaded GFSDK_Aftermath_Lib.x64.dll
[2023.12.04-05.44.07:866][  0]LogHMD: Optional extension XR_VARJO_quad_views is not available
[2023.12.04-05.44.07:867][  0]LogHMD: Warning: Required extension XR_EXT_eye_gaze_interaction is not available
[2023.12.04-05.44.07:867][  0]LogHMD: Could not enable all required OpenXR extensions for OpenXREyeTracker on current system. This plugin will be loaded but ignored, but will be enabled on a target platform that supports the required extension.
[2023.12.04-05.44.07:911][  0]LogHMD: Failed to get an OpenXR system, result is XR_ERROR_FORM_FACTOR_UNAVAILABLE. Please check that your runtime supports VR headsets.
[2023.12.04-05.44.07:911][  0]LogD3D11RHI: D3D11 min allowed feature level: 11_0
[2023.12.04-05.44.07:911][  0]LogD3D11RHI: D3D11 max allowed feature level: 11_0
[2023.12.04-05.44.07:911][  0]LogD3D11RHI: D3D11 adapters:
[2023.12.04-05.44.08:011][  0]LogD3D11RHI:    0. 'NVIDIA GeForce RTX 3060 Ti' (Feature Level 11_0)
[2023.12.04-05.44.08:011][  0]LogD3D11RHI:       8038/0/8147 MB DedicatedVideo/DedicatedSystem/SharedSystem, Outputs:2, VendorId:0x10de
[2023.12.04-05.44.08:013][  0]LogD3D11RHI:    1. 'Microsoft Basic Render Driver' (Feature Level 11_0)
[2023.12.04-05.44.08:013][  0]LogD3D11RHI:       0/0/8147 MB DedicatedVideo/DedicatedSystem/SharedSystem, Outputs:0, VendorId:0x1414
[2023.12.04-05.44.08:013][  0]LogD3D11RHI: Chosen D3D11 Adapter:
[2023.12.04-05.44.08:013][  0]LogD3D11RHI:     Description : NVIDIA GeForce RTX 3060 Ti
[2023.12.04-05.44.08:013][  0]LogD3D11RHI:     VendorId    : 10de
[2023.12.04-05.44.08:013][  0]LogD3D11RHI:     DeviceId    : 2486
[2023.12.04-05.44.08:013][  0]LogD3D11RHI:     SubSysId    : 36633842
[2023.12.04-05.44.08:013][  0]LogD3D11RHI:     Revision    : 00a1
[2023.12.04-05.44.08:013][  0]LogD3D11RHI:     DedicatedVideoMemory : 8428453888 bytes
[2023.12.04-05.44.08:013][  0]LogD3D11RHI:     DedicatedSystemMemory : 0 bytes
[2023.12.04-05.44.08:013][  0]LogD3D11RHI:     SharedSystemMemory : 8543029248 bytes
[2023.12.04-05.44.08:013][  0]LogD3D11RHI:     AdapterLuid : 0 70951
[2023.12.04-05.44.08:020][  0]LogD3D11RHI: Creating new Direct3DDevice
[2023.12.04-05.44.08:020][  0]LogD3D11RHI:     GPU DeviceId: 0x2486 (for the marketing name, search the web for "GPU Device Id")
[2023.12.04-05.44.08:020][  0]LogWindows: EnumDisplayDevices:
[2023.12.04-05.44.08:020][  0]LogWindows:    0. 'NVIDIA GeForce RTX 3060 Ti' (P:1 D:1)
[2023.12.04-05.44.08:020][  0]LogWindows:    1. 'NVIDIA GeForce RTX 3060 Ti' (P:0 D:1)
[2023.12.04-05.44.08:020][  0]LogWindows:    2. 'NVIDIA GeForce RTX 3060 Ti' (P:0 D:0)
[2023.12.04-05.44.08:020][  0]LogWindows:    3. 'NVIDIA GeForce RTX 3060 Ti' (P:0 D:0)
[2023.12.04-05.44.08:020][  0]LogWindows: DebugString: FoundDriverCount:4 
[2023.12.04-05.44.08:020][  0]LogD3D11RHI:     Adapter Name: NVIDIA GeForce RTX 3060 Ti
[2023.12.04-05.44.08:020][  0]LogD3D11RHI:   Driver Version: 536.67 (internal:31.0.15.3667, unified:536.67)
[2023.12.04-05.44.08:020][  0]LogD3D11RHI:      Driver Date: 7-12-2023
[2023.12.04-05.44.08:020][  0]LogRHI: Texture pool is 5626 MB (70% of 8038 MB)
[2023.12.04-05.44.08:020][  0]LogD3D11RHI: Creating D3DDevice using adapter:
[2023.12.04-05.44.08:020][  0]LogD3D11RHI:     Description : NVIDIA GeForce RTX 3060 Ti
[2023.12.04-05.44.08:020][  0]LogD3D11RHI:     VendorId    : 10de
[2023.12.04-05.44.08:021][  0]LogD3D11RHI:     DeviceId    : 2486
[2023.12.04-05.44.08:021][  0]LogD3D11RHI:     SubSysId    : 36633842
[2023.12.04-05.44.08:021][  0]LogD3D11RHI:     Revision    : 00a1
[2023.12.04-05.44.08:021][  0]LogD3D11RHI:     DedicatedVideoMemory : 8428453888 bytes
[2023.12.04-05.44.08:021][  0]LogD3D11RHI:     DedicatedSystemMemory : 0 bytes
[2023.12.04-05.44.08:021][  0]LogD3D11RHI:     SharedSystemMemory : 8543029248 bytes
[2023.12.04-05.44.08:021][  0]LogD3D11RHI:     AdapterLuid : 0 70951
[2023.12.04-05.44.08:097][  0]LogD3D11RHI: RHI has support for 64 bit atomics
[2023.12.04-05.44.08:097][  0]LogD3D11RHI: Async texture creation enabled
[2023.12.04-05.44.08:097][  0]LogD3D11RHI: Array index from any shader is supported
[2023.12.04-05.44.08:111][  0]LogD3D11RHI: GPU Timing Frequency: 1000.000000 (Debug: 2 1)
[2023.12.04-05.44.08:124][  0]LogRHI: GeForceNow SDK initialized: 1
[2023.12.04-05.44.08:345][  0]LogTargetPlatformManager: Display: Loaded TargetPlatform 'WindowsNoEditor'
[2023.12.04-05.44.08:348][  0]LogTargetPlatformManager: Display: Loaded TargetPlatform 'Windows'
[2023.12.04-05.44.08:351][  0]LogTargetPlatformManager: Display: Loaded TargetPlatform 'WindowsClient'
[2023.12.04-05.44.08:354][  0]LogTargetPlatformManager: Display: Loaded TargetPlatform 'WindowsServer'
[2023.12.04-05.44.08:354][  0]LogTargetPlatformManager: Display: Building Assets For Windows
[2023.12.04-05.44.08:359][  0]LogAudioDebug: Display: Lib vorbis DLL was dynamically loaded.
[2023.12.04-05.44.08:378][  0]LogTextureFormatOodle: Display: Oodle Texture 2.9.0 init RDO Off
[2023.12.04-05.44.08:398][  0]LogRendererCore: Ray tracing is disabled. Reason: r.RayTracing=0.
[2023.12.04-05.44.08:398][  0]LogShaderCompilers: Guid format shader working directory is -7 characters bigger than the processId version (../../../../../beta/BetaMain/BetaArcade_Team11/terry/Intermediate/Shaders/WorkingDirectory/23788/).
[2023.12.04-05.44.08:398][  0]LogShaderCompilers: Cleaned the shader compiler working directory 'C:/Users/Rober/AppData/Local/Temp/UnrealShaderWorkingDir/EFDEE48B4325A09DCD0752B5140CEAAC/'.
[2023.12.04-05.44.08:398][  0]LogShaderCompilers: Display: Using XGE Controller for Shader Compilation.
[2023.12.04-05.44.08:973][  0]LogDerivedDataCache: Display: Max Cache Size: 512 MB
[2023.12.04-05.44.09:011][  0]LogDerivedDataCache: Loaded boot cache 0.04s 94MB C:/Users/Rober/AppData/Local/UnrealEngine/4.27/DerivedDataCache/Boot.ddc.
[2023.12.04-05.44.09:011][  0]LogDerivedDataCache: Display: Loaded Boot cache: C:/Users/Rober/AppData/Local/UnrealEngine/4.27/DerivedDataCache/Boot.ddc
[2023.12.04-05.44.09:011][  0]LogDerivedDataCache: FDerivedDataBackendGraph:  Pak pak cache file ../../../../../beta/BetaMain/BetaArcade_Team11/terry/DerivedDataCache/DDC.ddp not found, will not use a pak cache.
[2023.12.04-05.44.09:011][  0]LogDerivedDataCache: Unable to find inner node Pak for hierarchical cache Hierarchy.
[2023.12.04-05.44.09:011][  0]LogDerivedDataCache: FDerivedDataBackendGraph:  CompressedPak pak cache file ../../../../../beta/BetaMain/BetaArcade_Team11/terry/DerivedDataCache/Compressed.ddp not found, will not use a pak cache.
[2023.12.04-05.44.09:011][  0]LogDerivedDataCache: Unable to find inner node CompressedPak for hierarchical cache Hierarchy.
[2023.12.04-05.44.09:027][  0]LogDerivedDataCache: Display: Pak cache opened for reading ../../../Engine/DerivedDataCache/Compressed.ddp.
[2023.12.04-05.44.09:027][  0]LogDerivedDataCache: FDerivedDataBackendGraph:  EnterprisePak pak cache file ../../../Enterprise/DerivedDataCache/Compressed.ddp not found, will not use a pak cache.
[2023.12.04-05.44.09:027][  0]LogDerivedDataCache: Unable to find inner node EnterprisePak for hierarchical cache Hierarchy.
[2023.12.04-05.44.09:032][  0]LogDerivedDataCache: Speed tests for C:/Users/Rober/AppData/Local/UnrealEngine/Common/DerivedDataCache took 0.00 seconds
[2023.12.04-05.44.09:032][  0]LogDerivedDataCache: Display: Performance to C:/Users/Rober/AppData/Local/UnrealEngine/Common/DerivedDataCache: Latency=0.02ms. RandomReadSpeed=1769.82MBs, RandomWriteSpeed=223.47MBs. Assigned SpeedClass 'Local'
[2023.12.04-05.44.09:032][  0]LogDerivedDataCache: Using Local data cache path C:/Users/Rober/AppData/Local/UnrealEngine/Common/DerivedDataCache: Writable
[2023.12.04-05.44.09:032][  0]LogDerivedDataCache: Shared data cache path not found in *engine.ini, will not use an Shared cache.
[2023.12.04-05.44.09:032][  0]LogDerivedDataCache: Unable to find inner node Shared for hierarchical cache Hierarchy.
[2023.12.04-05.44.09:061][  0]LogSlate: Using FreeType 2.10.0
[2023.12.04-05.44.09:061][  0]LogSlate: SlateFontServices - WITH_FREETYPE: 1, WITH_HARFBUZZ: 1
[2023.12.04-05.44.09:061][  0]LogHMD: Failed to get an OpenXR system, result is XR_ERROR_FORM_FACTOR_UNAVAILABLE. Please check that your runtime supports VR headsets.
[2023.12.04-05.44.09:121][  0]LogInit: Using OS detected language (en-US).
[2023.12.04-05.44.09:121][  0]LogInit: Using OS detected locale (en-GB).
[2023.12.04-05.44.09:121][  0]LogTextLocalizationManager: No localization for 'en-US' exists, so 'en' will be used for the language.
[2023.12.04-05.44.09:121][  0]LogTextLocalizationManager: No localization for 'en-GB' exists, so 'en' will be used for the locale.
[2023.12.04-05.44.09:121][  0]LogSlate: FontCache flush requested. Reason: Culture for localization was changed
[2023.12.04-05.44.09:121][  0]LogSlate: FontCache flush requested. Reason: Culture for localization was changed
[2023.12.04-05.44.09:123][  0]LogTextLocalizationManager: Compacting localization data took   0.00ms
[2023.12.04-05.44.09:123][  0]LogAssetRegistry: FAssetRegistry took 0.0013 seconds to start up
[2023.12.04-05.44.09:251][  0]LogPackageLocalizationCache: Processed 26 localized package path(s) for 1 prioritized culture(s) in 0.000698 seconds
[2023.12.04-05.44.09:295][  0]LogInit: Selected Device Profile: [Windows]
[2023.12.04-05.44.09:295][  0]LogInit: Active device profile: [000001D1759CBB00][000001D16E7D8140 49] Windows
[2023.12.04-05.44.09:295][  0]LogInit: Profiles: [000001D1759CBB00][000001D16E7D8140 49] Windows, [000001D17596C700][000001D16DF722C0 49] WindowsNoEditor, [000001D1759C8700][000001D16DF76440 49] WindowsServer, [000001D17596F000][000001D16DF7A5C0 49] WindowsClient, [000001D1759C9400][000001D16DF7E740 49] IOS, [000001D17596D200][000001D16DF828C0 49] iPadAir, [000001D1759C9100][000001D16DF86A40 49] iPadAir2, [000001D17591FC00][000001D16DF8ED00 49] IPadPro, [000001D17591FD00][000001D16DF8AD40 49] iPadAir3, [000001D1759C8100][000001D16DF92EC0 49] iPadAir4, [000001D17591CC00][000001D16DF97040 49] iPadMini2, [000001D1759C9000][000001D16DF9B1C0 49] iPadMini3, [000001D17591EB00][000001D16DF9F340 49] iPadMini4, [000001D1759C9200][000001D16E42F4C0 49] iPadMini5, [000001D175973500][000001D16E433700 49] iPhone6, [000001D175973600][000001D16E7DD740 49] iPodTouch6, [000001D17591E100][000001D16E43F9C0 49] iPhone7, [000001D17591E200][000001D16E437A00 49] iPodTouch7, [000001D175970B00][000001D16E443B80 49] iPhone5S, [000001D17591FA00][000001D16E446180 49] iPhone6Plus, [000001D175972C00][000001D16E44A300 49] iPhone6S, [000001D17591F700][000001D16E44E480 49] iPhone6SPlus, [000001D175973F00][000001D16E452600 49] iPhone7Plus, [000001D17591DF00][000001D16E456780 49] iPhoneSE, [000001D175970C00][000001D16E45A900 49] iPhone8, [000001D17591ED00][000001D16E45EA80 49] iPhone8Plus, [000001D175972A00][000001D16E462C00 49] iPhoneX, [000001D17591EF00][000001D16E466D80 49] iPhoneXS, [000001D175970700][000001D16E46AF00 49] iPhoneXSMax, [000001D17591C400][000001D16E46F080 49] iPhoneXR, [000001D175971700][000001D16E473200 49] iPhone11, [000001D17591C900][000001D16E477380 49] iPhone11Pro, [000001D175972300][000001D16F113500 49] iPhone11ProMax, [000001D17591E600][000001D16F117680 49] iPhoneSE2, [000001D175970200][000001D16E43B7C0 49] iPhone12Mini, [000001D17591F400][000001D16F11B900 49] iPhone12, [000001D175971500][000001D16F11FA40 49] iPhone12Pro, [000001D17591E300][000001D16F127BC0 49] iPhone12ProMax, [000001D175970E00][000001D16F12A1C0 49] iPadPro105, [000001D17591E800][000001D16F12E340 49] iPadPro129, [000001D175971800][000001D16F1324C0 49] iPadPro97, [000001D17591D500][000001D16F136640 49] iPadPro2_129, [000001D175973100][000001D16F13A7C0 49] iPad5, [000001D17591D700][000001D16F13E940 49] iPad6, [000001D175972800][000001D16F142AC0 49] iPad7, [000001D17591E900][000001D16F146C40 49] iPad8, [000001D175970300][000001D16F14ADC0 49] iPadPro11, [000001D17591CA00][000001D16F14EF40 49] iPadPro2_11, [000001D175972200][000001D16F1530C0 49] iPadPro3_129, [000001D17591F000][000001D16F157240 49] iPadPro4_129, [000001D175973400][000001D16F15B3C0 49] AppleTV, [000001D17591D400][000001D16F15F540 49] AppleTV4K, [000001D175972700][000001D16F1636C0 49] TVOS, [000001D17591CF00][000001D16F167840 49] Mac, [000001D175971100][000001D16F123980 49] MacClient, [000001D17591EE00][000001D16F16BAC0 49] MacNoEditor, [000001D175972D00][000001D16F16FC00 49] MacServer, [000001D17591F800][000001D16F1721C0 49] Linux, [000001D175972000][000001D16F17A340 49] LinuxAArch64, [000001D17591E700][000001D16F17E4C0 49] LinuxNoEditor, [000001D175972F00][000001D16F182640 49] LinuxAArch64NoEditor, [000001D17596C900][000001D16F1867C0 49] LinuxClient, [000001D1759F8B00][000001D16F18A940 49] LinuxAArch64Client, [000001D17596E500][000001D16F18EAC0 49] LinuxServer, [000001D1759F8800][000001D16F192C40 49] LinuxAArch64Server, [000001D17596EA00][000001D16F196DC0 49] Android, [000001D1759F9A00][000001D16F19AF40 49] Android_Low, [000001D17596FE00][000001D16F19F0C0 49] Android_Mid, [000001D1759FA900][000001D16F1A3240 49] Android_High, [000001D17596FF00][000001D16F1A73C0 49] Android_Default, [000001D1759FA700][000001D16F1AB540 49] Android_Adreno4xx, [000001D17596FD00][000001D16F1AF6C0 49] Android_Adreno5xx_Low, [000001D1759F9E00][000001D16F1B3840 49] Android_Adreno5xx, [000001D17596D700][000001D16F1B79C0 49] Android_Adreno6xx, [000001D1759F8F00][000001D16F177B00 49] Android_Adreno6xx_Vulkan, [000001D17596CA00][000001D16F1BA0C0 49] Android_Mali_T6xx, [000001D1759F8700][000001D16F1BE200 49] Android_Mali_T7xx, [000001D17596F900][000001D16F1C2340 49] Android_Mali_T8xx, [000001D1759F8900][000001D16F1CA4C0 49] Android_Mali_G71, [000001D17596D600][000001D16F1CE640 49] Android_Mali_G72, [000001D1759FA000][000001D16F1D27C0 49] Android_Mali_G72_Vulkan, [000001D17596DE00][000001D16F1D6940 49] Android_Mali_G76, [000001D1759F9C00][000001D16F1DAAC0 49] Android_Mali_G76_Vulkan, [000001D175973300][000001D16F1DEC40 49] Android_Mali_G77, [000001D1759FA500][000001D16F1E2DC0 49] Android_Mali_G77_Vulkan, [000001D175970A00][000001D16F1E6F40 49] Android_Mali_G78, [000001D1759F9500][000001D16F1EB0C0 49] Android_Mali_G78_Vulkan, [000001D175973A00][000001D16F1EF240 49] Android_Mali_G710, [000001D1759FB000][000001D16F1F33C0 49] Android_Mali_G710_Vulkan, [000001D175972E00][000001D16F1F7540 49] Android_Vulkan_SM5, [000001D1759FAC00][000001D16F1FB6C0 49] Android_PowerVR_G6xxx, [000001D175972400][000001D16F1FF840 49] Android_PowerVR_GT7xxx, [000001D1759FA200][000001D16F2039C0 49] Android_PowerVR_GE8xxx, [000001D175971F00][000001D16F207B40 49] Android_PowerVR_GM9xxx, [000001D1759F9700][000001D16F20A140 49] Android_PowerVR_GM9xxx_Vulkan, [000001D175973C00][000001D16F1C6280 49] Android_TegraK1, [000001D1759F8200][000001D16F20E3C0 49] Android_Unknown_Vulkan, [000001D175971300][000001D16F212500 49] Lumin, [000001D1759F8D00][000001D16F21A680 49] Lumin_Desktop, [000001D175971900][000001D16F21E800 49] HoloLens, 
[2023.12.04-05.44.09:321][  0]LogMeshReduction: Using QuadricMeshReduction for automatic static mesh reduction
[2023.12.04-05.44.09:321][  0]LogMeshReduction: Using SimplygonMeshReduction for automatic skeletal mesh reduction
[2023.12.04-05.44.09:321][  0]LogMeshReduction: Using ProxyLODMeshReduction for automatic mesh merging
[2023.12.04-05.44.09:321][  0]LogMeshReduction: No distributed automatic mesh merging module available
[2023.12.04-05.44.09:321][  0]LogMeshMerging: No distributed automatic mesh merging module available
[2023.12.04-05.44.09:401][  0]LogNetVersion: terry 1.0.0, NetCL: 17155196, EngineNetVer: 17, GameNetVer: 0 (Checksum: 1008197515)
[2023.12.04-05.44.09:563][  0]LogTexture: Default maximum texture size for cubemaps generated from long-lat sources has been changed from 512 to unlimited. In order to preserve old behaiour for '/Engine/MapTemplates/Sky/DaylightAmbientCubemap.DaylightAmbientCubemap', its maximum texture size has been explicitly set to 512.
[2023.12.04-05.44.09:602][  0]LogHMD: PokeAHoleMaterial loaded successfully
[2023.12.04-05.44.09:667][  0]LogMoviePlayer: Initializing movie player
[2023.12.04-05.44.09:756][  0]LogNiagaraDebuggerClient: Niagara Debugger Client Initialized | Session: C443CFC14A5976473BDE678874440884 | Instance: D53CD3364332F7CC9F0ADFBE041FF737 (DESKTOP-P448NMC-23788).
[2023.12.04-05.44.09:770][  0]LogCollectionManager: Loaded 0 collections in 0.000528 seconds
[2023.12.04-05.44.09:771][  0]LogFileCache: Scanning file cache for directory 'E:/beta/BetaMain/BetaArcade_Team11/terry/Saved/Collections/' took 0.00s
[2023.12.04-05.44.09:771][  0]LogFileCache: Scanning file cache for directory 'E:/beta/BetaMain/BetaArcade_Team11/terry/Content/Developers/Rober/Collections/' took 0.00s
[2023.12.04-05.44.09:771][  0]LogFileCache: Scanning file cache for directory 'E:/beta/BetaMain/BetaArcade_Team11/terry/Content/Collections/' took 0.00s
[2023.12.04-05.44.09:771][  0]LogCollectionManager: Fixed up redirectors for 0 collections in 0.000001 seconds (updated 0 objects)
[2023.12.04-05.44.09:840][  0]LogPython: Using Python 3.7.7
[2023.12.04-05.44.10:166][  0]LogTcpMessaging: Initializing TcpMessaging bridge
[2023.12.04-05.44.10:171][  0]LogUdpMessaging: Initializing bridge on interface 0.0.0.0:0 to multicast group 230.0.0.1:6666.
[2023.12.04-05.44.10:230][  0]SourceControl: Source control is disabled
[2023.12.04-05.44.10:230][  0]SourceControl: Source control is disabled
[2023.12.04-05.44.10:232][  0]SourceControl: Source control is disabled
[2023.12.04-05.44.10:237][  0]LogUProjectInfo: Found projects:
[2023.12.04-05.44.10:297][  0]LogOpenImageDenoise: OIDN starting up
[2023.12.04-05.44.10:314][  0]LogAndroidPermission: UAndroidPermissionCallbackProxy::GetInstance
[2023.12.04-05.44.10:327][  0]LogAudioCaptureCore: Display: No Audio Capture implementations found. Audio input will be silent.
[2023.12.04-05.44.10:327][  0]LogAudioCaptureCore: Display: No Audio Capture implementations found. Audio input will be silent.
[2023.12.04-05.44.10:376][  0]LogOcInput: OculusInput pre-init called
[2023.12.04-05.44.10:383][  0]LogUObjectArray: 22047 objects as part of root set at end of initial load.
[2023.12.04-05.44.10:383][  0]LogUObjectAllocator: 5957824 out of 0 bytes used by permanent object pool.
[2023.12.04-05.44.10:383][  0]LogUObjectArray: CloseDisregardForGC: 0/0 objects in disregard for GC pool
[2023.12.04-05.44.10:419][  0]LogEngine: Initializing Engine...
[2023.12.04-05.44.10:420][  0]LogHMD: Failed to get an OpenXR system, result is XR_ERROR_FORM_FACTOR_UNAVAILABLE. Please check that your runtime supports VR headsets.
[2023.12.04-05.44.10:420][  0]LogMagicLeap: Warning: VR disabled because ZI is not enabled.  To enable, in the editor, Edit -> Project Settings -> Plugins -> Magic Leap Plugin -> Enable Zero Iteration
[2023.12.04-05.44.10:421][  0]LogStats: UGameplayTagsManager::InitializeManager -  0.000 s
[2023.12.04-05.44.10:483][  0]LogInit: Initializing FReadOnlyCVARCache
[2023.12.04-05.44.10:483][  0]LogAudio: Display: Initializing Audio Device Manager...
[2023.12.04-05.44.10:486][  0]LogAudio: Display: Loading Default Audio Settings Objects...
[2023.12.04-05.44.10:486][  0]LogAudio: Display: No default SoundConcurrencyObject specified (or failed to load).
[2023.12.04-05.44.10:486][  0]LogAudio: Display: Audio Device Manager Initialized
[2023.12.04-05.44.10:486][  0]LogAudio: Display: Creating Audio Device:                 Id: 1, Scope: Shared, Realtime: True
[2023.12.04-05.44.10:486][  0]LogAudioMixer: Display: Audio Mixer Platform Settings:
[2023.12.04-05.44.10:486][  0]LogAudioMixer: Display: 	Sample Rate:						  48000
[2023.12.04-05.44.10:486][  0]LogAudioMixer: Display: 	Callback Buffer Frame Size Requested: 1024
[2023.12.04-05.44.10:486][  0]LogAudioMixer: Display: 	Callback Buffer Frame Size To Use:	  1024
[2023.12.04-05.44.10:486][  0]LogAudioMixer: Display: 	Number of buffers to queue:			  2
[2023.12.04-05.44.10:486][  0]LogAudioMixer: Display: 	Max Channels (voices):				  32
[2023.12.04-05.44.10:486][  0]LogAudioMixer: Display: 	Number of Async Source Workers:		  0
[2023.12.04-05.44.10:486][  0]LogAudio: Display: AudioDevice MaxSources: 32
[2023.12.04-05.44.10:486][  0]LogAudio: Display: Audio Spatialization Plugin: None (built-in).
[2023.12.04-05.44.10:487][  0]LogAudio: Display: Audio Reverb Plugin: None (built-in).
[2023.12.04-05.44.10:487][  0]LogAudio: Display: Audio Occlusion Plugin: None (built-in).
[2023.12.04-05.44.10:487][  0]LogAudioMixer: Display: Initializing audio mixer.
[2023.12.04-05.44.10:495][  0]LogAudioMixer: Display: 0: FrontLeft
[2023.12.04-05.44.10:495][  0]LogAudioMixer: Display: 1: FrontRight
[2023.12.04-05.44.10:495][  0]LogAudioMixer: Display: 2: FrontCenter
[2023.12.04-05.44.10:495][  0]LogAudioMixer: Display: 3: LowFrequency
[2023.12.04-05.44.10:495][  0]LogAudioMixer: Display: 4: BackLeft
[2023.12.04-05.44.10:495][  0]LogAudioMixer: Display: 5: BackRight
[2023.12.04-05.44.10:495][  0]LogAudioMixer: Display: 6: SideLeft
[2023.12.04-05.44.10:495][  0]LogAudioMixer: Display: 7: SideRight
[2023.12.04-05.44.10:507][  0]LogAudioMixer: Display: Using Audio Device Speakers (Logitech G433 Gaming Headset)
[2023.12.04-05.44.10:512][  0]LogAudioMixer: Display: Initializing Sound Submixes...
[2023.12.04-05.44.10:513][  0]LogAudioMixer: Display: Creating Master Submix 'MasterSubmixDefault'
[2023.12.04-05.44.10:513][  0]LogAudioMixer: Display: Creating Master Submix 'MasterReverbSubmixDefault'
[2023.12.04-05.44.10:514][  0]LogAudioMixer: Display: Creating Master Submix 'MasterEQSubmixDefault'
[2023.12.04-05.44.10:514][  0]LogAudioMixer: FMixerPlatformXAudio2::StartAudioStream() called
[2023.12.04-05.44.10:514][  0]LogAudioMixer: Display: Output buffers initialized: Frames=1024, Channels=8, Samples=8192
[2023.12.04-05.44.10:515][  0]LogAudioMixer: Display: Starting AudioMixerPlatformInterface::RunInternal()
[2023.12.04-05.44.10:515][  0]LogAudioMixer: Display: FMixerPlatformXAudio2::SubmitBuffer() called for the first time
[2023.12.04-05.44.10:515][  0]LogInit: FAudioDevice initialized.
[2023.12.04-05.44.10:516][  0]LogNetVersion: Set ProjectVersion to 1.0.0.0. Version Checksum will be recalculated on next use.
[2023.12.04-05.44.10:517][  0]LogInit: Texture streaming: Enabled
[2023.12.04-05.44.10:985][  0]LogAudio: Display: Audio Device (ID: 1) registered with world 'Untitled'.
[2023.12.04-05.44.10:985][  0]LogSlate: Updating window title bar state: overlay mode, drag disabled, window buttons hidden, title bar hidden
[2023.12.04-05.44.10:985][  0]LogInit: Display: Game Engine Initialized.
[2023.12.04-05.44.10:985][  0]LogNiagaraEditor: GEditor isn't valid! Particle reset commands will not work for Niagara components!
[2023.12.04-05.44.11:032][  0]LogInit: Display: Starting Game.
[2023.12.04-05.44.11:032][  0]LogNet: Browse: /Game/Bob/Falling_UI?Name=Player
[2023.12.04-05.44.11:032][  0]LogLoad: LoadMap: /Game/Bob/Falling_UI?Name=Player
[2023.12.04-05.44.11:032][  0]LogWorld: BeginTearingDown for /Temp/Untitled_0
[2023.12.04-05.44.11:033][  0]LogWorld: UWorld::CleanupWorld for Untitled, bSessionEnded=true, bCleanupResources=true
[2023.12.04-05.44.11:033][  0]LogSlate: InvalidateAllWidgets triggered.  All widgets were invalidated
[2023.12.04-05.44.11:038][  0]LogAudio: Display: Audio Device unregistered from world 'None'.
[2023.12.04-05.44.11:042][  0]LogUObjectHash: Compacting FUObjectHashTables data took   0.85ms
[2023.12.04-05.44.11:070][  0]LogAudio: Display: Audio Device (ID: 1) registered with world 'Falling_UI'.
[2023.12.04-05.44.11:075][  0]LogAIModule: Creating AISystem for world Falling_UI
[2023.12.04-05.44.11:075][  0]LogLoad: Game class is 'LocalMultiplayer_bp_2_C'
[2023.12.04-05.44.11:084][  0]LogWorld: Bringing World /Game/Bob/Falling_UI.Falling_UI up for play (max tick rate 0) at 2023.12.04-05.44.11
[2023.12.04-05.44.11:084][  0]LogWorld: Bringing up level for play took: 0.008350
[2023.12.04-05.44.11:086][  0]LogBlueprintUserMessages: [LocalMultiplayer_bp_2_C_0] Falling_UI
[2023.12.04-05.44.11:086][  0]LogBlueprintUserMessages: [LocalMultiplayer_bp_2_C_0] Menu Detected
[2023.12.04-05.44.11:087][  0]LogScript: Warning: Accessed None trying to read property CallFunc_GetPlayerController_ReturnValue
	LocalMultiplayer_bp_2_C /Game/Bob/Falling_UI.Falling_UI:PersistentLevel.LocalMultiplayer_bp_2_C_0
	Function /Game/Bob/Modified-Sakith/LocalMultiplayer_bp_2.LocalMultiplayer_bp_2_C:SpwanInputRecivers:043B
[2023.12.04-05.44.11:087][  0]LogScript: Warning: Script call stack:
	Function /Game/Bob/Modified-Sakith/LocalMultiplayer_bp_2.LocalMultiplayer_bp_2_C:ReceiveBeginPlay
	Function /Game/Bob/Modified-Sakith/LocalMultiplayer_bp_2.LocalMultiplayer_bp_2_C:ExecuteUbergraph_LocalMultiplayer_bp_2
	Function /Game/Bob/Modified-Sakith/LocalMultiplayer_bp_2.LocalMultiplayer_bp_2_C:SpwanInputRecivers

[2023.12.04-05.44.11:087][  0]LogScript: Warning: Accessed None trying to read property CallFunc_GetPlayerController_ReturnValue
	LocalMultiplayer_bp_2_C /Game/Bob/Falling_UI.Falling_UI:PersistentLevel.LocalMultiplayer_bp_2_C_0
	Function /Game/Bob/Modified-Sakith/LocalMultiplayer_bp_2.LocalMultiplayer_bp_2_C:SpwanInputRecivers:04E4
[2023.12.04-05.44.11:087][  0]LogScript: Warning: Script call stack:
	Function /Game/Bob/Modified-Sakith/LocalMultiplayer_bp_2.LocalMultiplayer_bp_2_C:ReceiveBeginPlay
	Function /Game/Bob/Modified-Sakith/LocalMultiplayer_bp_2.LocalMultiplayer_bp_2_C:ExecuteUbergraph_LocalMultiplayer_bp_2
	Function /Game/Bob/Modified-Sakith/LocalMultiplayer_bp_2.LocalMultiplayer_bp_2_C:SpwanInputRecivers

[2023.12.04-05.44.11:088][  0]LogPlayerManagement: Error: Failed to Create Player: Maximum number of players (4) already created.  Unable to create more.
[2023.12.04-05.44.11:088][  0]LogLoad: Took 0.056100 seconds to LoadMap(/Game/Bob/Falling_UI)
[2023.12.04-05.44.11:133][  0]LogSlate: Took 0.000116 seconds to synchronously load lazily loaded font '../../../Engine/Content/Slate/Fonts/Roboto-Regular.ttf' (155K)
[2023.12.04-05.44.11:164][  0]LogRenderer: Reallocating scene render targets to support 1280x720 Format 10 NumSamples 1 (Frame:1).
[2023.12.04-05.44.11:164][  0]LogInit: Display: Engine is initialized. Leaving FEngineLoop::Init()
[2023.12.04-05.44.11:164][  0]LogLoad: (Engine Initialization) Total time: 4.80 seconds
[2023.12.04-05.44.11:164][  0]LogLoad: (Engine Initialization) Total Blueprint compile time: 0.00 seconds
[2023.12.04-05.44.11:166][  0]LogContentStreaming: Texture pool size now 1000 MB
[2023.12.04-05.44.11:167][  0]LogSlate: New Slate User Created.  User Index 1, Is Virtual User: 0
[2023.12.04-05.44.11:167][  0]LogSlate: Slate User Registered.  User Index 1, Is Virtual User: 0
[2023.12.04-05.44.11:167][  0]LogSlate: New Slate User Created.  User Index 2, Is Virtual User: 0
[2023.12.04-05.44.11:167][  0]LogSlate: Slate User Registered.  User Index 2, Is Virtual User: 0
[2023.12.04-05.44.11:167][  0]LogSlate: New Slate User Created.  User Index 3, Is Virtual User: 0
[2023.12.04-05.44.11:167][  0]LogSlate: Slate User Registered.  User Index 3, Is Virtual User: 0
[2023.12.04-05.44.11:168][  0]LogSlate: InvalidateAllWidgets triggered.  All widgets were invalidated
[2023.12.04-05.44.11:209][  0]LogRenderer: Reallocating scene render targets to support 128x128 Format 10 NumSamples 1 (Frame:1).
[2023.12.04-05.44.11:231][  0]LogRenderer: Reallocating scene render targets to support 1280x720 Format 10 NumSamples 1 (Frame:2).
[2023.12.04-05.44.11:248][  1]LogSlate: Took 0.000111 seconds to synchronously load lazily loaded font '../../../Engine/Content/Slate/Fonts/Roboto-Regular.ttf' (155K)
[2023.12.04-05.44.12:771][912]LogSlate: Updating window title bar state: overlay mode, drag disabled, window buttons hidden, title bar hidden
[2023.12.04-05.44.14:925][315]LogBlueprintUserMessages: [LocalMultiplayer_bp_2_C_0] *
[2023.12.04-05.44.14:926][315]LogSlate: Updating window title bar state: overlay mode, drag disabled, window buttons hidden, title bar hidden
[2023.12.04-05.44.14:926][315]LogBlueprintUserMessages: [LocalMultiplayer_bp_2_C_0] Game started
[2023.12.04-05.44.14:985][315]LogPackageName: SearchForPackageOnDisk took   0.059s, but failed to resolve None.umap.
[2023.12.04-05.44.15:041][315]LogPackageName: SearchForPackageOnDisk took   0.056s, but failed to resolve None.umap.
[2023.12.04-05.44.15:041][315]LogNet: Browse: /Game/ThirdPersonBP/Maps/ThirdPersonExampleMap
[2023.12.04-05.44.15:041][315]LogNet: Warning: Travel Failure: [InvalidURL]: Invalid URL: /Game/ThirdPersonBP/Maps/ThirdPersonExampleMap
[2023.12.04-05.44.15:041][315]LogNet: TravelFailure: InvalidURL, Reason for Failure: 'Invalid URL: /Game/ThirdPersonBP/Maps/ThirdPersonExampleMap'
[2023.12.04-05.44.15:041][315]LogNet: Warning: Travel Failure: [ClientTravelFailure]: Invalid URL: /Game/ThirdPersonBP/Maps/ThirdPersonExampleMap
[2023.12.04-05.44.15:041][315]LogNet: TravelFailure: ClientTravelFailure, Reason for Failure: 'Invalid URL: /Game/ThirdPersonBP/Maps/ThirdPersonExampleMap'
[2023.12.04-05.44.15:042][316]LogNet: Browse: /Game/ThirdPersonBP/Maps/ThirdPersonExampleMap?closed
[2023.12.04-05.44.15:042][316]LogNet: Connection failed; returning to Entry
[2023.12.04-05.44.15:042][316]LogLoad: LoadMap: /Game/ThirdPersonBP/Maps/ThirdPersonExampleMap?closed
[2023.12.04-05.44.15:042][316]LogWorld: BeginTearingDown for /Game/Bob/Falling_UI
[2023.12.04-05.44.15:043][316]LogWorld: UWorld::CleanupWorld for Falling_UI, bSessionEnded=true, bCleanupResources=true
[2023.12.04-05.44.15:043][316]LogSlate: InvalidateAllWidgets triggered.  All widgets were invalidated
[2023.12.04-05.44.15:077][316]LogAudio: Display: Audio Device unregistered from world 'None'.
[2023.12.04-05.44.15:079][316]LogUObjectHash: Compacting FUObjectHashTables data took   0.71ms
[2023.12.04-05.44.15:111][316]LogAudio: Display: Audio Device (ID: 1) registered with world 'ThirdPersonExampleMap'.
[2023.12.04-05.44.15:112][316]LogAIModule: Creating AISystem for world ThirdPersonExampleMap
[2023.12.04-05.44.15:112][316]LogLoad: Game class is 'GameModeBase'
[2023.12.04-05.44.15:118][316]LogWorld: Bringing World /Game/ThirdPersonBP/Maps/ThirdPersonExampleMap.ThirdPersonExampleMap up for play (max tick rate 0) at 2023.12.04-05.44.15
[2023.12.04-05.44.15:118][316]LogWorld: Bringing up level for play took: 0.005198
[2023.12.04-05.44.15:121][316]LogLoad: Took 0.078764 seconds to LoadMap(/Game/ThirdPersonBP/Maps/ThirdPersonExampleMap)
[2023.12.04-05.44.15:130][316]LogUObjectHash: Compacting FUObjectHashTables data took   0.69ms
[2023.12.04-05.44.18:510][922]LogSlate: Window 'terry (64-bit Development PCD3D_SM5) ' being destroyed
[2023.12.04-05.44.18:510][922]LogWindowsTextInputMethodSystem: Display: IME system deactivated.
[2023.12.04-05.44.18:514][922]LogSlate: Updating window title bar state: overlay mode, drag disabled, window buttons hidden, title bar hidden
[2023.12.04-05.44.18:514][922]LogEngine: All Windows Closed
[2023.12.04-05.44.18:514][922]LogWindows: FPlatformMisc::RequestExit(0)
[2023.12.04-05.44.18:514][922]LogWindows: FPlatformMisc::RequestExitWithStatus(0, 0)
[2023.12.04-05.44.18:514][922]LogCore: Engine exit requested (reason: Win RequestExit)
[2023.12.04-05.44.18:514][923]LogCore: Engine exit requested (reason: EngineExit() was called; note: exit was already requested)
[2023.12.04-05.44.18:514][923]LogInit: Display: PreExit Game.
[2023.12.04-05.44.18:520][923]LogWorld: BeginTearingDown for /Game/ThirdPersonBP/Maps/ThirdPersonExampleMap
[2023.12.04-05.44.18:520][923]LogWorld: UWorld::CleanupWorld for ThirdPersonExampleMap, bSessionEnded=true, bCleanupResources=true
[2023.12.04-05.44.18:521][923]LogSlate: InvalidateAllWidgets triggered.  All widgets were invalidated
[2023.12.04-05.44.19:427][923]LogAudio: Display: Beginning Audio Device Manager Shutdown (Module: AudioMixerXAudio2)...
[2023.12.04-05.44.19:427][923]LogAudio: Display: Destroying 1 Remaining Audio Device(s)...
[2023.12.04-05.44.19:427][923]LogAudio: Display: Audio Device unregistered from world 'ThirdPersonExampleMap'.
[2023.12.04-05.44.19:427][923]LogAudioMixer: FMixerPlatformXAudio2::StopAudioStream() called
[2023.12.04-05.44.19:428][923]LogAudioMixer: FMixerPlatformXAudio2::StopAudioStream() called
[2023.12.04-05.44.19:430][923]LogAudio: Display: Audio Device Manager Shutdown
[2023.12.04-05.44.19:432][923]LogExit: Preparing to exit.
[2023.12.04-05.44.20:183][923]LogSlate: Updating window title bar state: overlay mode, drag disabled, window buttons hidden, title bar hidden
[2023.12.04-05.44.20:184][923]LogUObjectHash: Compacting FUObjectHashTables data took   0.56ms
